This is pdfTeX, Version 3.141592653-2.6-1.40.27 (TeX Live 2025) (preloaded format=pdflatex 2025.9.24)  15 MAR 2026 16:22
entering extended mode
 restricted \write18 enabled.
 %&-line parsing enabled.
**main.tex
(./main.tex
LaTeX2e <2024-11-01> patch level 2
L3 programming layer <2025-01-18>
(/usr/local/texlive/2025/texmf-dist/tex/latex/base/book.cls
Document Class: book 2024/06/29 v1.4n Standard LaTeX document class
(/usr/local/texlive/2025/texmf-dist/tex/latex/base/bk10.clo
File: bk10.clo 2024/06/29 v1.4n Standard LaTeX file (size option)
)
\c@part=\count196
\c@chapter=\count197
\c@section=\count198
\c@subsection=\count199
\c@subsubsection=\count266
\c@paragraph=\count267
\c@subparagraph=\count268
\c@figure=\count269
\c@table=\count270
\abovecaptionskip=\skip49
\belowcaptionskip=\skip50
\bibindent=\dimen141
) (./preamble.tex
(/usr/local/texlive/2025/texmf-dist/tex/latex/base/inputenc.sty
Package: inputenc 2024/02/08 v1.3d Input encoding file
\inpenc@prehook=\toks17
\inpenc@posthook=\toks18
)
(/usr/local/texlive/2025/texmf-dist/tex/latex/base/fontenc.sty
Package: fontenc 2021/04/29 v2.0v Standard LaTeX package
)
(/usr/local/texlive/2025/texmf-dist/tex/latex/amsmath/amsmath.sty
Package: amsmath 2024/11/05 v2.17t AMS math features
\@mathmargin=\skip51

For additional information on amsmath, use the `?' option.
(/usr/local/texlive/2025/texmf-dist/tex/latex/amsmath/amstext.sty
Package: amstext 2021/08/26 v2.01 AMS text

(/usr/local/texlive/2025/texmf-dist/tex/latex/amsmath/amsgen.sty
File: amsgen.sty 1999/11/30 v2.0 generic functions
\@emptytoks=\toks19
\ex@=\dimen142
))
(/usr/local/texlive/2025/texmf-dist/tex/latex/amsmath/amsbsy.sty
Package: amsbsy 1999/11/29 v1.2d Bold Symbols
\pmbraise@=\dimen143
)
(/usr/local/texlive/2025/texmf-dist/tex/latex/amsmath/amsopn.sty
Package: amsopn 2022/04/08 v2.04 operator names
)
\inf@bad=\count271
LaTeX Info: Redefining \frac on input line 233.
\uproot@=\count272
\leftroot@=\count273
LaTeX Info: Redefining \overline on input line 398.
LaTeX Info: Redefining \colon on input line 409.
\classnum@=\count274
\DOTSCASE@=\count275
LaTeX Info: Redefining \ldots on input line 495.
LaTeX Info: Redefining \dots on input line 498.
LaTeX Info: Redefining \cdots on input line 619.
\Mathstrutbox@=\box52
\strutbox@=\box53
LaTeX Info: Redefining \big on input line 721.
LaTeX Info: Redefining \Big on input line 722.
LaTeX Info: Redefining \bigg on input line 723.
LaTeX Info: Redefining \Bigg on input line 724.
\big@size=\dimen144
LaTeX Font Info:    Redeclaring font encoding OML on input line 742.
LaTeX Font Info:    Redeclaring font encoding OMS on input line 743.
\macc@depth=\count276
LaTeX Info: Redefining \bmod on input line 904.
LaTeX Info: Redefining \pmod on input line 909.
LaTeX Info: Redefining \smash on input line 939.
LaTeX Info: Redefining \relbar on input line 969.
LaTeX Info: Redefining \Relbar on input line 970.
\c@MaxMatrixCols=\count277
\dotsspace@=\muskip17
\c@parentequation=\count278
\dspbrk@lvl=\count279
\tag@help=\toks20
\row@=\count280
\column@=\count281
\maxfields@=\count282
\andhelp@=\toks21
\eqnshift@=\dimen145
\alignsep@=\dimen146
\tagshift@=\dimen147
\tagwidth@=\dimen148
\totwidth@=\dimen149
\lineht@=\dimen150
\@envbody=\toks22
\multlinegap=\skip52
\multlinetaggap=\skip53
\mathdisplay@stack=\toks23
LaTeX Info: Redefining \[ on input line 2953.
LaTeX Info: Redefining \] on input line 2954.
)
(/usr/local/texlive/2025/texmf-dist/tex/latex/physics/physics.sty
Package: physics 

(/usr/local/texlive/2025/texmf-dist/tex/latex/l3packages/xparse/xparse.sty
(/usr/local/texlive/2025/texmf-dist/tex/latex/l3kernel/expl3.sty
Package: expl3 2025-01-18 L3 programming layer (loader) 

(/usr/local/texlive/2025/texmf-dist/tex/latex/l3backend/l3backend-pdftex.def
File: l3backend-pdftex.def 2024-05-08 L3 backend support: PDF output (pdfTeX)
\l__color_backend_stack_int=\count283
\l__pdf_internal_box=\box54
))
Package: xparse 2024-08-16 L3 Experimental document command parser
)) (/usr/local/texlive/2025/texmf-dist/tex/latex/amsfonts/amssymb.sty
Package: amssymb 2013/01/14 v3.01 AMS font symbols

(/usr/local/texlive/2025/texmf-dist/tex/latex/amsfonts/amsfonts.sty
Package: amsfonts 2013/01/14 v3.01 Basic AMSFonts support
\symAMSa=\mathgroup4
\symAMSb=\mathgroup5
LaTeX Font Info:    Redeclaring math symbol \hbar on input line 98.
LaTeX Font Info:    Overwriting math alphabet `\mathfrak' in version `bold'
(Font)                  U/euf/m/n --> U/euf/b/n on input line 106.
))
(/usr/local/texlive/2025/texmf-dist/tex/latex/graphics/graphicx.sty
Package: graphicx 2021/09/16 v1.2d Enhanced LaTeX Graphics (DPC,SPQR)

(/usr/local/texlive/2025/texmf-dist/tex/latex/graphics/keyval.sty
Package: keyval 2022/05/29 v1.15 key=value parser (DPC)
\KV@toks@=\toks24
)
(/usr/local/texlive/2025/texmf-dist/tex/latex/graphics/graphics.sty
Package: graphics 2024/08/06 v1.4g Standard LaTeX Graphics (DPC,SPQR)

(/usr/local/texlive/2025/texmf-dist/tex/latex/graphics/trig.sty
Package: trig 2023/12/02 v1.11 sin cos tan (DPC)
)
(/usr/local/texlive/2025/texmf-dist/tex/latex/graphics-cfg/graphics.cfg
File: graphics.cfg 2016/06/04 v1.11 sample graphics configuration
)
Package graphics Info: Driver file: pdftex.def on input line 106.

(/usr/local/texlive/2025/texmf-dist/tex/latex/graphics-def/pdftex.def
File: pdftex.def 2024/04/13 v1.2c Graphics/color driver for pdftex
))
\Gin@req@height=\dimen151
\Gin@req@width=\dimen152
)
(/usr/local/texlive/2025/texmf-dist/tex/latex/xcolor/xcolor.sty
Package: xcolor 2024/09/29 v3.02 LaTeX color extensions (UK)

(/usr/local/texlive/2025/texmf-dist/tex/latex/graphics-cfg/color.cfg
File: color.cfg 2016/01/02 v1.6 sample color configuration
)
Package xcolor Info: Driver file: pdftex.def on input line 274.

(/usr/local/texlive/2025/texmf-dist/tex/latex/graphics/mathcolor.ltx)
Package xcolor Info: Model `cmy' substituted by `cmy0' on input line 1349.
Package xcolor Info: Model `hsb' substituted by `rgb' on input line 1353.
Package xcolor Info: Model `RGB' extended on input line 1365.
Package xcolor Info: Model `HTML' substituted by `rgb' on input line 1367.
Package xcolor Info: Model `Hsb' substituted by `hsb' on input line 1368.
Package xcolor Info: Model `tHsb' substituted by `hsb' on input line 1369.
Package xcolor Info: Model `HSB' substituted by `hsb' on input line 1370.
Package xcolor Info: Model `Gray' substituted by `gray' on input line 1371.
Package xcolor Info: Model `wave' substituted by `hsb' on input line 1372.
)
(/usr/local/texlive/2025/texmf-dist/tex/latex/graphics/dvipsnam.def
File: dvipsnam.def 2016/06/17 v3.0m Driver-dependent file (DPC,SPQR)
)
(/usr/local/texlive/2025/texmf-dist/tex/latex/caption/caption.sty
Package: caption 2023/08/05 v3.6o Customizing captions (AR)

(/usr/local/texlive/2025/texmf-dist/tex/latex/caption/caption3.sty
Package: caption3 2023/07/31 v2.4d caption3 kernel (AR)
\caption@tempdima=\dimen153
\captionmargin=\dimen154
\caption@leftmargin=\dimen155
\caption@rightmargin=\dimen156
\caption@width=\dimen157
\caption@indent=\dimen158
\caption@parindent=\dimen159
\caption@hangindent=\dimen160
Package caption Info: Standard document class detected.
)
\c@caption@flags=\count284
\c@continuedfloat=\count285
)
(/usr/local/texlive/2025/texmf-dist/tex/latex/caption/subcaption.sty
Package: subcaption 2023/07/28 v1.6b Sub-captions (AR)
Package caption Info: New subtype `subfigure' on input line 238.
\c@subfigure=\count286
Package caption Info: New subtype `subtable' on input line 238.
\c@subtable=\count287
)
(/usr/local/texlive/2025/texmf-dist/tex/latex/float/float.sty
Package: float 2001/11/08 v1.3d Float enhancements (AL)
\c@float@type=\count288
\float@exts=\toks25
\float@box=\box55
\@float@everytoks=\toks26
\@floatcapt=\box56
)
(/usr/local/texlive/2025/texmf-dist/tex/latex/jknapltx/mathrsfs.sty
Package: mathrsfs 1996/01/01 Math RSFS package v1.0 (jk)
\symrsfs=\mathgroup6
)
(/usr/local/texlive/2025/texmf-dist/tex/latex/natbib/natbib.sty
Package: natbib 2010/09/13 8.31b (PWD, AO)
\bibhang=\skip54
\bibsep=\skip55
LaTeX Info: Redefining \cite on input line 694.
\c@NAT@ctr=\count289
)
(/usr/local/texlive/2025/texmf-dist/tex/latex/setspace/setspace.sty
Package: setspace 2022/12/04 v6.7b set line spacing
)
(/usr/local/texlive/2025/texmf-dist/tex/latex/booktabs/booktabs.sty
Package: booktabs 2020/01/12 v1.61803398 Publication quality tables
\heavyrulewidth=\dimen161
\lightrulewidth=\dimen162
\cmidrulewidth=\dimen163
\belowrulesep=\dimen164
\belowbottomsep=\dimen165
\aboverulesep=\dimen166
\abovetopsep=\dimen167
\cmidrulesep=\dimen168
\cmidrulekern=\dimen169
\defaultaddspace=\dimen170
\@cmidla=\count290
\@cmidlb=\count291
\@aboverulesep=\dimen171
\@belowrulesep=\dimen172
\@thisruleclass=\count292
\@lastruleclass=\count293
\@thisrulewidth=\dimen173
)
(/usr/local/texlive/2025/texmf-dist/tex/latex/tools/tabularx.sty
Package: tabularx 2023/12/11 v2.12a `tabularx' package (DPC)

(/usr/local/texlive/2025/texmf-dist/tex/latex/tools/array.sty
Package: array 2024/10/17 v2.6g Tabular extension package (FMi)
\col@sep=\dimen174
\ar@mcellbox=\box57
\extrarowheight=\dimen175
\NC@list=\toks27
\extratabsurround=\skip56
\backup@length=\skip57
\ar@cellbox=\box58
)
\TX@col@width=\dimen176
\TX@old@table=\dimen177
\TX@old@col=\dimen178
\TX@target=\dimen179
\TX@delta=\dimen180
\TX@cols=\count294
\TX@ftn=\toks28
)
(/usr/local/texlive/2025/texmf-dist/tex/latex/tablefootnote/tablefootnote.sty
Package: tablefootnote 2014/01/26 v1.1c Table foot notes (HMM)

(/usr/local/texlive/2025/texmf-dist/tex/generic/ltxcmds/ltxcmds.sty
Package: ltxcmds 2023-12-04 v1.26 LaTeX kernel commands for general use (HO)
)
(/usr/local/texlive/2025/texmf-dist/tex/latex/letltxmacro/letltxmacro.sty
Package: letltxmacro 2019/12/03 v1.6 Let assignment for LaTeX macros (HO)
)
(/usr/local/texlive/2025/texmf-dist/tex/latex/xifthen/xifthen.sty
Package: xifthen 2015/11/05 v1.4.0 Extended ifthen features

(/usr/local/texlive/2025/texmf-dist/tex/latex/tools/calc.sty
Package: calc 2023/07/08 v4.3 Infix arithmetic (KKT,FJ)
\calc@Acount=\count295
\calc@Bcount=\count296
\calc@Adimen=\dimen181
\calc@Bdimen=\dimen182
\calc@Askip=\skip58
\calc@Bskip=\skip59
LaTeX Info: Redefining \setlength on input line 80.
LaTeX Info: Redefining \addtolength on input line 81.
\calc@Ccount=\count297
\calc@Cskip=\skip60
)
(/usr/local/texlive/2025/texmf-dist/tex/latex/base/ifthen.sty
Package: ifthen 2024/03/16 v1.1e Standard LaTeX ifthen package (DPC)
)
(/usr/local/texlive/2025/texmf-dist/tex/latex/ifmtarg/ifmtarg.sty
Package: ifmtarg 2018/04/16 v1.2b check for an empty argument
))
(/usr/local/texlive/2025/texmf-dist/tex/latex/etoolbox/etoolbox.sty
Package: etoolbox 2025/02/11 v2.5l e-TeX tools for LaTeX (JAW)
\etb@tempcnta=\count298
))
(/usr/local/texlive/2025/texmf-dist/tex/latex/geometry/geometry.sty
Package: geometry 2020/01/02 v5.9 Page Geometry

(/usr/local/texlive/2025/texmf-dist/tex/generic/iftex/ifvtex.sty
Package: ifvtex 2019/10/25 v1.7 ifvtex legacy package. Use iftex instead.

(/usr/local/texlive/2025/texmf-dist/tex/generic/iftex/iftex.sty
Package: iftex 2024/12/12 v1.0g TeX engine tests
))
\Gm@cnth=\count299
\Gm@cntv=\count300
\c@Gm@tempcnt=\count301
\Gm@bindingoffset=\dimen183
\Gm@wd@mp=\dimen184
\Gm@odd@mp=\dimen185
\Gm@even@mp=\dimen186
\Gm@layoutwidth=\dimen187
\Gm@layoutheight=\dimen188
\Gm@layouthoffset=\dimen189
\Gm@layoutvoffset=\dimen190
\Gm@dimlist=\toks29
)
(/usr/local/texlive/2025/texmf-dist/tex/latex/fancyhdr/fancyhdr.sty
Package: fancyhdr 2025/02/07 v5.2 Extensive control of page headers and footers

\f@nch@headwidth=\skip61
\f@nch@offset@elh=\skip62
\f@nch@offset@erh=\skip63
\f@nch@offset@olh=\skip64
\f@nch@offset@orh=\skip65
\f@nch@offset@elf=\skip66
\f@nch@offset@erf=\skip67
\f@nch@offset@olf=\skip68
\f@nch@offset@orf=\skip69
\f@nch@height=\skip70
\f@nch@footalignment=\skip71
\f@nch@widthL=\skip72
\f@nch@widthC=\skip73
\f@nch@widthR=\skip74
\@temptokenb=\toks30
)
(/usr/local/texlive/2025/texmf-dist/tex/generic/babel/babel.sty
Package: babel 2025/02/14 v25.4 The multilingual framework for pdfLaTeX, LuaLaT
eX and XeLaTeX
\babel@savecnt=\count302
\U@D=\dimen191
\l@unhyphenated=\language90

(/usr/local/texlive/2025/texmf-dist/tex/generic/babel/txtbabel.def)
\bbl@readstream=\read2
\bbl@dirlevel=\count303

(/usr/local/texlive/2025/texmf-dist/tex/generic/babel-english/english.ldf
Language: english 2017/06/06 v3.3r English support from the babel system
Package babel Info: Hyphen rules for 'canadian' set to \l@english
(babel)             (\language0). Reported on input line 102.
Package babel Info: Hyphen rules for 'australian' set to \l@ukenglish
(babel)             (\language22). Reported on input line 105.
Package babel Info: Hyphen rules for 'newzealand' set to \l@ukenglish
(babel)             (\language22). Reported on input line 108.
))
(/usr/local/texlive/2025/texmf-dist/tex/generic/babel/locale/en/babel-english.t
ex
Package babel Info: Importing font and identification data for english
(babel)             from babel-en.ini. Reported on input line 11.
) (/usr/local/texlive/2025/texmf-dist/tex/latex/hyperref/hyperref.sty
Package: hyperref 2024-11-05 v7.01l Hypertext links for LaTeX

(/usr/local/texlive/2025/texmf-dist/tex/latex/kvsetkeys/kvsetkeys.sty
Package: kvsetkeys 2022-10-05 v1.19 Key value parser (HO)
)
(/usr/local/texlive/2025/texmf-dist/tex/generic/kvdefinekeys/kvdefinekeys.sty
Package: kvdefinekeys 2019-12-19 v1.6 Define keys (HO)
)
(/usr/local/texlive/2025/texmf-dist/tex/generic/pdfescape/pdfescape.sty
Package: pdfescape 2019/12/09 v1.15 Implements pdfTeX's escape features (HO)

(/usr/local/texlive/2025/texmf-dist/tex/generic/pdftexcmds/pdftexcmds.sty
Package: pdftexcmds 2020-06-27 v0.33 Utility functions of pdfTeX for LuaTeX (HO
)

(/usr/local/texlive/2025/texmf-dist/tex/generic/infwarerr/infwarerr.sty
Package: infwarerr 2019/12/03 v1.5 Providing info/warning/error messages (HO)
)
Package pdftexcmds Info: \pdf@primitive is available.
Package pdftexcmds Info: \pdf@ifprimitive is available.
Package pdftexcmds Info: \pdfdraftmode found.
))
(/usr/local/texlive/2025/texmf-dist/tex/latex/hycolor/hycolor.sty
Package: hycolor 2020-01-27 v1.10 Color options for hyperref/bookmark (HO)
)
(/usr/local/texlive/2025/texmf-dist/tex/latex/hyperref/nameref.sty
Package: nameref 2023-11-26 v2.56 Cross-referencing by name of section

(/usr/local/texlive/2025/texmf-dist/tex/latex/refcount/refcount.sty
Package: refcount 2019/12/15 v3.6 Data extraction from label references (HO)
)
(/usr/local/texlive/2025/texmf-dist/tex/generic/gettitlestring/gettitlestring.s
ty
Package: gettitlestring 2019/12/15 v1.6 Cleanup title references (HO)
 (/usr/local/texlive/2025/texmf-dist/tex/latex/kvoptions/kvoptions.sty
Package: kvoptions 2022-06-15 v3.15 Key value format for package options (HO)
))
\c@section@level=\count304
)
(/usr/local/texlive/2025/texmf-dist/tex/generic/stringenc/stringenc.sty
Package: stringenc 2019/11/29 v1.12 Convert strings between diff. encodings (HO
)
)
\@linkdim=\dimen192
\Hy@linkcounter=\count305
\Hy@pagecounter=\count306

(/usr/local/texlive/2025/texmf-dist/tex/latex/hyperref/pd1enc.def
File: pd1enc.def 2024-11-05 v7.01l Hyperref: PDFDocEncoding definition (HO)
Now handling font encoding PD1 ...
... no UTF-8 mapping file for font encoding PD1
)
(/usr/local/texlive/2025/texmf-dist/tex/generic/intcalc/intcalc.sty
Package: intcalc 2019/12/15 v1.3 Expandable calculations with integers (HO)
)
\Hy@SavedSpaceFactor=\count307

(/usr/local/texlive/2025/texmf-dist/tex/latex/hyperref/puenc.def
File: puenc.def 2024-11-05 v7.01l Hyperref: PDF Unicode definition (HO)
Now handling font encoding PU ...
... no UTF-8 mapping file for font encoding PU
)
Package hyperref Info: Option `colorlinks' set `true' on input line 4040.
Package hyperref Info: Hyper figures OFF on input line 4157.
Package hyperref Info: Link nesting OFF on input line 4162.
Package hyperref Info: Hyper index ON on input line 4165.
Package hyperref Info: Plain pages OFF on input line 4172.
Package hyperref Info: Backreferencing OFF on input line 4177.
Package hyperref Info: Implicit mode ON; LaTeX internals redefined.
Package hyperref Info: Bookmarks ON on input line 4424.
\c@Hy@tempcnt=\count308

(/usr/local/texlive/2025/texmf-dist/tex/latex/url/url.sty
\Urlmuskip=\muskip18
Package: url 2013/09/16  ver 3.4  Verb mode for urls, etc.
)
LaTeX Info: Redefining \url on input line 4763.
\XeTeXLinkMargin=\dimen193

(/usr/local/texlive/2025/texmf-dist/tex/generic/bitset/bitset.sty
Package: bitset 2019/12/09 v1.3 Handle bit-vector datatype (HO)

(/usr/local/texlive/2025/texmf-dist/tex/generic/bigintcalc/bigintcalc.sty
Package: bigintcalc 2019/12/15 v1.5 Expandable calculations on big integers (HO
)
))
\Fld@menulength=\count309
\Field@Width=\dimen194
\Fld@charsize=\dimen195
Package hyperref Info: Hyper figures OFF on input line 6042.
Package hyperref Info: Link nesting OFF on input line 6047.
Package hyperref Info: Hyper index ON on input line 6050.
Package hyperref Info: backreferencing OFF on input line 6057.
Package hyperref Info: Link coloring ON on input line 6060.
Package hyperref Info: Link coloring with OCG OFF on input line 6067.
Package hyperref Info: PDF/A mode OFF on input line 6072.

(/usr/local/texlive/2025/texmf-dist/tex/latex/base/atbegshi-ltx.sty
Package: atbegshi-ltx 2021/01/10 v1.0c Emulation of the original atbegshi
package with kernel methods
)
\Hy@abspage=\count310
\c@Item=\count311
\c@Hfootnote=\count312
)
Package hyperref Info: Driver (autodetected): hpdftex.

(/usr/local/texlive/2025/texmf-dist/tex/latex/hyperref/hpdftex.def
File: hpdftex.def 2024-11-05 v7.01l Hyperref driver for pdfTeX

(/usr/local/texlive/2025/texmf-dist/tex/latex/base/atveryend-ltx.sty
Package: atveryend-ltx 2020/08/19 v1.0a Emulation of the original atveryend pac
kage
with kernel methods
)
\Fld@listcount=\count313
\c@bookmark@seq@number=\count314

(/usr/local/texlive/2025/texmf-dist/tex/latex/rerunfilecheck/rerunfilecheck.sty
Package: rerunfilecheck 2022-07-10 v1.10 Rerun checks for auxiliary files (HO)

(/usr/local/texlive/2025/texmf-dist/tex/generic/uniquecounter/uniquecounter.sty
Package: uniquecounter 2019/12/15 v1.4 Provide unlimited unique counter (HO)
)
Package uniquecounter Info: New unique counter `rerunfilecheck' on input line 2
85.
)
\Hy@SectionHShift=\skip75
) (/usr/local/texlive/2025/texmf-dist/tex/latex/hypcap/hypcap.sty
Package: hypcap 2024-07-26 v1.13 Adjusting the anchors of captions (HO)
)
(/usr/local/texlive/2025/texmf-dist/tex/latex/tocbibind/tocbibind.sty
Package: tocbibind 2010/10/13 v1.5k extra ToC listings
Package tocbibind Info: The document has chapter divisions on input line 50.


Package tocbibind Note: Using chapter style headings, unless overridden.

)
(/usr/local/texlive/2025/texmf-dist/tex/latex/threeparttable/threeparttable.sty
Package: threeparttable 2003/06/13  v 3.0
\@tempboxb=\box59
) (/usr/local/texlive/2025/texmf-dist/tex/latex/algorithms/algorithm.sty
Package: algorithm 2009/08/24 v0.1 Document Style `algorithm' - floating enviro
nment
\@float@every@algorithm=\toks31
\c@algorithm=\count315
)
(/usr/local/texlive/2025/texmf-dist/tex/latex/algorithmicx/algpseudocode.sty
Package: algpseudocode 

(/usr/local/texlive/2025/texmf-dist/tex/latex/algorithmicx/algorithmicx.sty
Package: algorithmicx 2005/04/27 v1.2 Algorithmicx

Document Style algorithmicx 1.2 - a greatly improved `algorithmic' style
\c@ALG@line=\count316
\c@ALG@rem=\count317
\c@ALG@nested=\count318
\ALG@tlm=\skip76
\ALG@thistlm=\skip77
\c@ALG@Lnr=\count319
\c@ALG@blocknr=\count320
\c@ALG@storecount=\count321
\c@ALG@tmpcounter=\count322
\ALG@tmplength=\skip78
)
Document Style - pseudocode environments for use with the `algorithmicx' style
) (/usr/local/texlive/2025/texmf-dist/tex/latex/tools/bm.sty
Package: bm 2023/12/19 v1.2f Bold Symbol Support (DPC/FMi)
\symboldoperators=\mathgroup7
\symboldletters=\mathgroup8
\symboldsymbols=\mathgroup9
Package bm Info: No bold for \OMX/cmex/m/n, using \pmb.
Package bm Info: No bold for \U/msa/m/n, using \pmb.
Package bm Info: No bold for \U/msb/m/n, using \pmb.
Package bm Info: No bold for \U/rsfs/m/n, using \pmb.
LaTeX Font Info:    Redeclaring math alphabet \mathbf on input line 149.
)
(/usr/local/texlive/2025/texmf-dist/tex/latex/multirow/multirow.sty
Package: multirow 2024/11/12 v2.9 Span multiple rows of a table
\multirow@colwidth=\skip79
\multirow@cntb=\count323
\multirow@dima=\skip80
\bigstrutjot=\dimen196
))
(/usr/local/texlive/2025/texmf-dist/tex/latex/makecell/makecell.sty
Package: makecell 2009/08/03 V0.1e Managing of Tab Column Heads and Cells
\rotheadsize=\dimen197
\c@nlinenum=\count324
\TeXr@lab=\toks32
)
(/usr/local/texlive/2025/texmf-dist/tex/latex/glossaries/base/glossaries.sty
Package: glossaries 2025/03/03 v4.56 (NLCT)

(/usr/local/texlive/2025/texmf-dist/tex/latex/xkeyval/xkeyval.sty
Package: xkeyval 2022/06/16 v2.9 package option processing (HA)

(/usr/local/texlive/2025/texmf-dist/tex/generic/xkeyval/xkeyval.tex
(/usr/local/texlive/2025/texmf-dist/tex/generic/xkeyval/xkvutils.tex
\XKV@toks=\toks33
\XKV@tempa@toks=\toks34
)
\XKV@depth=\count325
File: xkeyval.tex 2014/12/03 v2.7a key=value parser (HA)
))
(/usr/local/texlive/2025/texmf-dist/tex/latex/mfirstuc/mfirstuc.sty
Package: mfirstuc 2022/10/14 v2.08 (NLCT)
\@glsmfirst=\toks35
\@glsmrest=\toks36
)
(/usr/local/texlive/2025/texmf-dist/tex/latex/xfor/xfor.sty
Package: xfor 2009/02/05 v1.05 (NLCT)
)
(/usr/local/texlive/2025/texmf-dist/tex/latex/tracklang/tracklang.sty
Package: tracklang 2025/03/04 v1.6.5 (NLCT) Track Languages

(/usr/local/texlive/2025/texmf-dist/tex/generic/tracklang/tracklang.tex))
(/usr/local/texlive/2025/texmf-dist/tex/latex/translator/translator.sty
Package: translator 2021-05-31 v1.12d Easy translation of strings in LaTeX
)
(/usr/local/texlive/2025/texmf-dist/tex/latex/glossaries-english/glossaries-eng
lish.ldf
File: glossaries-english.ldf 2014/11/23 v1.0
)
(/usr/local/texlive/2025/texmf-dist/tex/latex/datatool/datatool-base.sty
Package: datatool-base 2025/03/05 v3.0.1 (NLCT)

(/usr/local/texlive/2025/texmf-dist/tex/latex/datatool/datatool-l3fp.def
File: datatool-l3fp.def 2025/03/05 v3.0.1 (NLCT)
)
\@dtl@toks=\toks37
\@dtl@tmpcount=\count326
\dtl@tmplength=\skip81
\l__datatool_measure_box=\box60
\dtl@sortresult=\count327

(/usr/local/texlive/2025/texmf-dist/tex/latex/datatool/datatool-utf8.ldf
File: datatool-utf8.ldf 2025/03/05 v3.0.1 (NLCT)
)
\@dtl@datatype=\count328
\l__datatool_tmpa_int=\count329
\l__datatool_tmpb_int=\count330
\l__datatool_tmpc_int=\count331
\l__datatool_tmpd_int=\count332
\l__datatool_count_int=\count333
\l__datatool_tmp_datatype_int=\count334
\l__datatool_tmpa_dim=\dimen198
\l__datatool_tmpb_dim=\dimen199
\c_datatool_unknown_int=\count335
\l__datatool_year_int=\count336
\l__datatool_month_int=\count337
\l__datatool_day_int=\count338
\l__datatool_hour_int=\count339
\l__datatool_minute_int=\count340
\l__datatool_second_int=\count341
\l__datatool_tzhour_int=\count342
\l__datatool_tzminute_int=\count343
\l__datatool_julian_int=\count344
\l__datatool_local_julian_int=\count345
\l__datatool_prefix_int=\count346
\l__datatool_suffix_int=\count347
\@dtl@foreach@level=\count348

(/usr/local/texlive/2025/texmf-dist/tex/latex/datatool-english/datatool-english
.ldf
File: datatool-english.ldf 2025/03/01 v1.0 (NLCT)

(/usr/local/texlive/2025/texmf-dist/tex/latex/datatool-english/datatool-english
-utf8.ldf
File: datatool-english-utf8.ldf 2025/03/01 v1.0 (NLCT)
))
\dtl@codeA=\count349
\dtl@codeB=\count350
)
\gls@level=\count351
\@gls@tmpb=\toks38
\gls@tmplen=\skip82
\glskeylisttok=\toks39
\glslabeltok=\toks40
\glsshorttok=\toks41
\glslongtok=\toks42

(/usr/local/texlive/2025/texmf-dist/tex/latex/glossaries/styles/glossary-hypern
av.sty
Package: glossary-hypernav 2025/03/03 v4.56 (NLCT)
)
(/usr/local/texlive/2025/texmf-dist/tex/latex/glossaries/styles/glossary-list.s
ty
Package: glossary-list 2025/03/03 v4.56 (NLCT)
\glslistdottedwidth=\skip83
)
(/usr/local/texlive/2025/texmf-dist/tex/latex/glossaries/styles/glossary-long.s
ty
Package: glossary-long 2025/03/03 v4.56 (NLCT)
 (/usr/local/texlive/2025/texmf-dist/tex/latex/tools/longtable.sty
Package: longtable 2024-10-27 v4.22 Multi-page Table package (DPC)
\LTleft=\skip84
\LTright=\skip85
\LTpre=\skip86
\LTpost=\skip87
\LTchunksize=\count352
\LTcapwidth=\dimen256
\LT@head=\box61
\LT@firsthead=\box62
\LT@foot=\box63
\LT@lastfoot=\box64
\LT@gbox=\box65
\LT@cols=\count353
\LT@rows=\count354
\c@LT@tables=\count355
\c@LT@chunks=\count356
\LT@p@ftn=\toks43
)
\glsdescwidth=\skip88
\glspagelistwidth=\skip89
)
(/usr/local/texlive/2025/texmf-dist/tex/latex/glossaries/styles/glossary-super.
sty
Package: glossary-super 2025/03/03 v4.56 (NLCT)
 (/usr/local/texlive/2025/texmf-dist/tex/latex/supertabular/supertabular.sty
Package: supertabular 2024/07/20 v4.2c the supertabular environment
\c@tracingst=\count357
\ST@wd=\dimen257
\ST@rightskip=\skip90
\ST@leftskip=\skip91
\ST@parfillskip=\skip92
\ST@pageleft=\dimen258
\ST@headht=\dimen259
\ST@tailht=\dimen260
\ST@pagesofar=\dimen261
\ST@pboxht=\dimen262
\ST@rowht=\dimen263
\ST@prevht=\dimen264
\ST@toadd=\dimen265
\ST@dimen=\dimen266
\ST@pbox=\box66
))
(/usr/local/texlive/2025/texmf-dist/tex/latex/glossaries/styles/glossary-tree.s
ty
Package: glossary-tree 2025/03/03 v4.56 (NLCT)
\glstreeindent=\skip93
))
\glswrite=\write3
\glo@main@file=\write4
\openout4 = `main.glo'.

Package glossaries Info: Writing glossary file main.glo on input line 6.
\glo@acronym@file=\write5
\openout5 = `main.acn'.

Package glossaries Info: Writing glossary file main.acn on input line 6.
 (./glossary.tex) (./main.aux (./titel_page.aux) (./introduction.aux)
(./theory_generative_models.aux) (./theory_diffusion_models.aux)
(./theory_fundamental_NN.aux) (./Distillation.aux) (./theory_metrics.aux)
(./Related_Work.aux) (./Methods_Models.aux) (./Methods_Experiments.aux)
(./Experiments_Pixart.aux

LaTeX Warning: Label `fig:image1' multiply defined.


LaTeX Warning: Label `sub@fig:image1' multiply defined.


LaTeX Warning: Label `fig:image2' multiply defined.


LaTeX Warning: Label `sub@fig:image2' multiply defined.


LaTeX Warning: Label `fig:image1' multiply defined.


LaTeX Warning: Label `sub@fig:image1' multiply defined.


LaTeX Warning: Label `fig:image2' multiply defined.


LaTeX Warning: Label `sub@fig:image2' multiply defined.


LaTeX Warning: Label `fig:image1' multiply defined.


LaTeX Warning: Label `sub@fig:image1' multiply defined.


LaTeX Warning: Label `fig:image2' multiply defined.


LaTeX Warning: Label `sub@fig:image2' multiply defined.


LaTeX Warning: Label `fig:image1' multiply defined.


LaTeX Warning: Label `sub@fig:image1' multiply defined.


LaTeX Warning: Label `fig:image2' multiply defined.


LaTeX Warning: Label `sub@fig:image2' multiply defined.


LaTeX Warning: Label `fig:image1' multiply defined.


LaTeX Warning: Label `sub@fig:image1' multiply defined.


LaTeX Warning: Label `fig:image2' multiply defined.


LaTeX Warning: Label `sub@fig:image2' multiply defined.


LaTeX Warning: Label `fig:image1' multiply defined.


LaTeX Warning: Label `sub@fig:image1' multiply defined.


LaTeX Warning: Label `fig:image2' multiply defined.


LaTeX Warning: Label `sub@fig:image2' multiply defined.

) (./Experiments_Flux.aux

LaTeX Warning: Label `fig:hpsv2' multiply defined.


LaTeX Warning: Label `sub@fig:hpsv2' multiply defined.


LaTeX Warning: Label `fig:geneval' multiply defined.


LaTeX Warning: Label `sub@fig:geneval' multiply defined.


LaTeX Warning: Label `fig:dpg' multiply defined.


LaTeX Warning: Label `sub@fig:dpg' multiply defined.


LaTeX Warning: Label `tab:TrainingFreeMethodsBenchmarks' multiply defined.


LaTeX Warning: Label `fig:image1' multiply defined.


LaTeX Warning: Label `sub@fig:image1' multiply defined.


LaTeX Warning: Label `fig:image2' multiply defined.


LaTeX Warning: Label `sub@fig:image2' multiply defined.

) (./conclusion.aux) (./Appendix.aux

LaTeX Warning: Label `fig:Example_Images_SVD_vs_Removal_Appx' multiply defined.



LaTeX Warning: Label `fig:Example_Images_SVD_vs_Removal_Appx' multiply defined.



LaTeX Warning: Label `fig:Example_Images_SVD_vs_Removal_Appx' multiply defined.



LaTeX Warning: Label `fig:FinetuningProtocol_80' multiply defined.


LaTeX Warning: Label `fig:FinetuningProtocol_80' multiply defined.


LaTeX Warning: Label `fig:FinetuningProtocol_70' multiply defined.


LaTeX Warning: Label `fig:FinetuningProtocol_50' multiply defined.


LaTeX Warning: Label `fig:AppxCompressionSchedules' multiply defined.


LaTeX Warning: Label `fig:AppxCompressionSchedules' multiply defined.


LaTeX Warning: Label `fig:AppxCompressionSchedules' multiply defined.


LaTeX Warning: Label `fig:FinetuningProtocol_80' multiply defined.


LaTeX Warning: Label `fig:FinetuningProtocol_80' multiply defined.


LaTeX Warning: Label `fig:FinetuningProtocol_80' multiply defined.

))
\openout1 = `main.aux'.

LaTeX Font Info:    Checking defaults for OML/cmm/m/it on input line 10.
LaTeX Font Info:    ... okay on input line 10.
LaTeX Font Info:    Checking defaults for OMS/cmsy/m/n on input line 10.
LaTeX Font Info:    ... okay on input line 10.
LaTeX Font Info:    Checking defaults for OT1/cmr/m/n on input line 10.
LaTeX Font Info:    ... okay on input line 10.
LaTeX Font Info:    Checking defaults for T1/cmr/m/n on input line 10.
LaTeX Font Info:    ... okay on input line 10.
LaTeX Font Info:    Checking defaults for TS1/cmr/m/n on input line 10.
LaTeX Font Info:    ... okay on input line 10.
LaTeX Font Info:    Checking defaults for OMX/cmex/m/n on input line 10.
LaTeX Font Info:    ... okay on input line 10.
LaTeX Font Info:    Checking defaults for U/cmr/m/n on input line 10.
LaTeX Font Info:    ... okay on input line 10.
LaTeX Font Info:    Checking defaults for PD1/pdf/m/n on input line 10.
LaTeX Font Info:    ... okay on input line 10.
LaTeX Font Info:    Checking defaults for PU/pdf/m/n on input line 10.
LaTeX Font Info:    ... okay on input line 10.
 (/usr/local/texlive/2025/texmf-dist/tex/context/base/mkii/supp-pdf.mkii
[Loading MPS to PDF converter (version 2006.09.02).]
\scratchcounter=\count358
\scratchdimen=\dimen267
\scratchbox=\box67
\nofMPsegments=\count359
\nofMParguments=\count360
\everyMPshowfont=\toks44
\MPscratchCnt=\count361
\MPscratchDim=\dimen268
\MPnumerator=\count362
\makeMPintoPDFobject=\count363
\everyMPtoPDFconversion=\toks45
) (/usr/local/texlive/2025/texmf-dist/tex/latex/epstopdf-pkg/epstopdf-base.sty
Package: epstopdf-base 2020-01-24 v2.11 Base part for package epstopdf
Package epstopdf-base Info: Redefining graphics rule for `.eps' on input line 4
85.

(/usr/local/texlive/2025/texmf-dist/tex/latex/latexconfig/epstopdf-sys.cfg
File: epstopdf-sys.cfg 2010/07/13 v1.3 Configuration of (r)epstopdf for TeX Liv
e
))
Package caption Info: Begin \AtBeginDocument code.
Package caption Info: float package is loaded.
Package caption Info: hyperref package is loaded.
Package caption Info: hypcap package is loaded.
Package caption Info: longtable package is loaded.

(/usr/local/texlive/2025/texmf-dist/tex/latex/caption/ltcaption.sty
Package: ltcaption 2021/01/08 v1.4c longtable captions (AR)
)
Package caption Info: supertabular package is loaded.
Package caption Info: threeparttable package is loaded.
Package caption Info: End \AtBeginDocument code.

*geometry* driver: auto-detecting
*geometry* detected driver: pdftex
*geometry* verbose mode - [ preamble ] result:
* driver: pdftex
* paper: a4paper
* layout: <same size as paper>
* layoutoffset:(h,v)=(0.0pt,0.0pt)
* modes: 
* h-part:(L,W,R)=(56.9055pt, 483.69687pt, 56.9055pt)
* v-part:(T,H,B)=(71.13188pt, 702.78308pt, 71.13188pt)
* \paperwidth=597.50787pt
* \paperheight=845.04684pt
* \textwidth=483.69687pt
* \textheight=702.78308pt
* \oddsidemargin=-15.36449pt
* \evensidemargin=-15.36449pt
* \topmargin=-31.2056pt
* \headheight=12.0pt
* \headsep=18.06749pt
* \topskip=10.0pt
* \footskip=25.29494pt
* \marginparwidth=61.0pt
* \marginparsep=7.0pt
* \columnsep=10.0pt
* \skip\footins=9.0pt plus 4.0pt minus 2.0pt
* \hoffset=0.0pt
* \voffset=0.0pt
* \mag=1000
* \@twocolumnfalse
* \@twosidefalse
* \@mparswitchfalse
* \@reversemarginfalse
* (1in=72.27pt=25.4mm, 1cm=28.453pt)

Package hyperref Info: Link coloring ON on input line 10.
(./main.out) (./main.out)
\@outlinefile=\write6
\openout6 = `main.out'.

\openout2 = `titel_page.aux'.

 (./titel_page.tex

[1

\openout3 = `main.ist'.



{/usr/local/texlive/2025/texmf-var/fonts/map/pdftex/updmap/pdftex.map}{/usr/loc
al/texlive/2025/texmf-dist/fonts/enc/dvips/cm-super/cm-super-t1.enc}]

[2])

[3] (./main.toc
LaTeX Font Info:    Trying to load font information for U+msa on input line 8.
 (/usr/local/texlive/2025/texmf-dist/tex/latex/amsfonts/umsa.fd
File: umsa.fd 2013/01/14 v3.01 AMS symbols A
)
LaTeX Font Info:    Trying to load font information for U+msb on input line 8.
(/usr/local/texlive/2025/texmf-dist/tex/latex/amsfonts/umsb.fd
File: umsb.fd 2013/01/14 v3.01 AMS symbols B
)
LaTeX Font Info:    Trying to load font information for U+rsfs on input line 8.


(/usr/local/texlive/2025/texmf-dist/tex/latex/jknapltx/ursfs.fd
File: ursfs.fd 1998/03/24 rsfs font definition file (jk)
)

[4



]

[5])
\tf@toc=\write7
\openout7 = `main.toc'.

 (./main.gls

[6]

[7


]

[8])

[9] (./main.lof

[10


]

[11])
\tf@lof=\write8
\openout8 = `main.lof'.



[12] (./main.lot

Package natbib Warning: Citation `GenEval' on page XIII undefined on input line
 27.

)
\tf@lot=\write9
\openout9 = `main.lot'.



[13


]
\openout2 = `introduction.aux'.

 (./introduction.tex
Chapter 1.



pdfTeX warning (ext4): destination with the same identifier (name{page.1}) has 
been already used, duplicate ignored
<to be read again> 
                   \relax 
l.13 
      [1


]


pdfTeX warning (ext4): destination with the same identifier (name{page.2}) has 
been already used, duplicate ignored
<to be read again> 
                   \relax 
l.30 	
       [2])

[3]
\openout2 = `theory_generative_models.aux'.

 (./theory_generative_models.tex
Chapter 2.


[4




]

[5]

[6])

[7]
\openout2 = `theory_diffusion_models.aux'.

 (./theory_diffusion_models.tex
Underfull \hbox (badness 10000) in paragraph at lines 3--6

 []

<images/Background/MarkovChainDiffProcess.png, id=1178, 555.07375pt x 93.34875p
t>
File: images/Background/MarkovChainDiffProcess.png Graphic file (type png)
<use images/Background/MarkovChainDiffProcess.png>
Package pdftex.def Info: images/Background/MarkovChainDiffProcess.png  used on 
input line 19.
(pdftex.def)             Requested size: 290.22107pt x 48.80798pt.


[8



 <./images/Background/MarkovChainDiffProcess.png>]

[9]

[10]
Overfull \hbox (14.10963pt too wide) in paragraph at lines 186--187
\OML/cmm/m/it/10 p[]\OT1/cmr/m/n/10 (\OT1/cmr/bx/n/10 x[] \OMS/cmsy/m/n/10 j \O
T1/cmr/bx/n/10 x[]\OT1/cmr/m/n/10 ) = \OMS/cmsy/m/n/10 N []$ \T1/cmr/m/n/10 wit
h $\OT1/cmr/m/n/10 ^^F[](\OT1/cmr/bx/n/10 x[]\OML/cmm/m/it/10 ; t\OT1/cmr/m/n/1
0 ) = \OML/cmm/m/it/10 ^^[[]\OT1/cmr/bx/n/10 I$ \T1/cmr/m/n/10 and $\OML/cmm/m/
it/10 q\OT1/cmr/m/n/10 (\OT1/cmr/bx/n/10 x[] \OMS/cmsy/m/n/10 j \OT1/cmr/bx/n/1
0 x[]\OML/cmm/m/it/10 ; \OT1/cmr/bx/n/10 x[]\OT1/cmr/m/n/10 ) = \OMS/cmsy/m/n/1
0 N []$
 []



[11]
Underfull \hbox (badness 10000) in paragraph at lines 218--219

 []

Package hyperref Info: bookmark level for unknown algorithm defaults to 0 on in
put line 223.
<images/Background/DDPM_Training.png, id=1274, 571.8066pt x 343.08395pt>
File: images/Background/DDPM_Training.png Graphic file (type png)
<use images/Background/DDPM_Training.png>
Package pdftex.def Info: images/Background/DDPM_Training.png  used on input lin
e 238.
(pdftex.def)             Requested size: 241.84843pt x 145.10986pt.
<images/Background/DDPM.png, id=1283, 1579.9025pt x 765.86125pt>
File: images/Background/DDPM.png Graphic file (type png)
<use images/Background/DDPM.png>
Package pdftex.def Info: images/Background/DDPM.png  used on input line 282.
(pdftex.def)             Requested size: 386.95897pt x 187.57336pt.


[12 <./images/Background/DDPM_Training.png>]

[13 <./images/Background/DDPM.png>]

[14]

[15]
<images/Background/Overview_2.png, id=1419, 1123.19624pt x 188.705pt>
File: images/Background/Overview_2.png Graphic file (type png)
<use images/Background/Overview_2.png>
Package pdftex.def Info: images/Background/Overview_2.png  used on input line 4
44.
(pdftex.def)             Requested size: 483.69687pt x 81.2625pt.


[16]
<images/Background/LDM.png, id=1455, 457.71pt x 226.8475pt>
File: images/Background/LDM.png Graphic file (type png)
<use images/Background/LDM.png>
Package pdftex.def Info: images/Background/LDM.png  used on input line 475.
(pdftex.def)             Requested size: 290.22107pt x 143.84233pt.


[17 <./images/Background/Overview_2.png>])

[18 <./images/Background/LDM.png>]
\openout2 = `theory_fundamental_NN.aux'.

 (./theory_fundamental_NN.tex
<images/Background/transformer.png, id=1504, 1324.95pt x 1866.975pt>
File: images/Background/transformer.png Graphic file (type png)
<use images/Background/transformer.png>
Package pdftex.def Info: images/Background/transformer.png  used on input line 
14.
(pdftex.def)             Requested size: 193.47578pt x 272.59888pt.


[19



 <./images/Background/transformer.png>]
<images/Background/SelfAttention.png, id=1526, 927.465pt x 503.7pt>
File: images/Background/SelfAttention.png Graphic file (type png)
<use images/Background/SelfAttention.png>
Package pdftex.def Info: images/Background/SelfAttention.png  used on input lin
e 51.
(pdftex.def)             Requested size: 483.69687pt x 262.69408pt.


[20]
<images/Background/CrossAttention.png, id=1544, 935.349pt x 503.7pt>
File: images/Background/CrossAttention.png Graphic file (type png)
<use images/Background/CrossAttention.png>
Package pdftex.def Info: images/Background/CrossAttention.png  used on input li
ne 62.
(pdftex.def)             Requested size: 483.69687pt x 260.47289pt.


[21 <./images/Background/SelfAttention.png> <./images/Background/CrossAttention
.png>]
<images/Background/multi-head-attention.png, id=1555, 578.16pt x 748.7975pt>
File: images/Background/multi-head-attention.png Graphic file (type png)
<use images/Background/multi-head-attention.png>
Package pdftex.def Info: images/Background/multi-head-attention.png  used on in
put line 77.
(pdftex.def)             Requested size: 145.11053pt x 187.93016pt.


[22 <./images/Background/multi-head-attention.png>]
Underfull \hbox (badness 10000) in paragraph at lines 144--145

 []

<images/Background/VisionTransformer.png, id=1604, 598.235pt x 304.13625pt>
File: images/Background/VisionTransformer.png Graphic file (type png)
<use images/Background/VisionTransformer.png>
Package pdftex.def Info: images/Background/VisionTransformer.png  used on input
 line 152.
(pdftex.def)             Requested size: 386.95897pt x 196.73022pt.


[23 <./images/Background/VisionTransformer.png>])

[24]
\openout2 = `Distillation.aux'.

 (./Distillation.tex

[25



])

[26]
\openout2 = `theory_metrics.aux'.

 (./theory_metrics.tex

[27



]
<images/Background/GenEval.png, id=1731, 892.33376pt x 361.35pt>
File: images/Background/GenEval.png Graphic file (type png)
<use images/Background/GenEval.png>
Package pdftex.def Info: images/Background/GenEval.png  used on input line 52.
(pdftex.def)             Requested size: 483.69687pt x 195.87596pt.


[28])

[29 <./images/Background/GenEval.png>]
\openout2 = `Related_Work.aux'.

 (./Related_Work.tex
Chapter 3.


[30




]

[31]
Underfull \hbox (badness 10000) in paragraph at lines 35--39

 []



[32])

[33]
\openout2 = `Methods_Models.aux'.

 (./Methods_Models.tex
Chapter 4.

Package hyperref Warning: Token not allowed in a PDF string (Unicode):
(hyperref)                removing `math shift' on input line 7.


Package hyperref Warning: Token not allowed in a PDF string (Unicode):
(hyperref)                removing `\Sigma' on input line 7.


Package hyperref Warning: Token not allowed in a PDF string (Unicode):
(hyperref)                removing `math shift' on input line 7.



[34




{/usr/local/texlive/2025/texmf-dist/fonts/enc/dvips/cm-super/cm-super-ts1.enc}]
<images/Background/Pixart/Architektur_Uebersicht.pdf, id=1966, 1138.2525pt x 71
1.13678pt>
File: images/Background/Pixart/Architektur_Uebersicht.pdf Graphic file (type pd
f)
<use images/Background/Pixart/Architektur_Uebersicht.pdf>
Package pdftex.def Info: images/Background/Pixart/Architektur_Uebersicht.pdf  u
sed on input line 25.
(pdftex.def)             Requested size: 483.69687pt x 302.202pt.


[35 <./images/Background/Pixart/Architektur_Uebersicht.pdf>]
<images/Background/Pixart/Architekture_Detail.pdf, id=1997, 853.68938pt x 995.9
7093pt>
File: images/Background/Pixart/Architekture_Detail.pdf Graphic file (type pdf)
<use images/Background/Pixart/Architekture_Detail.pdf>
Package pdftex.def Info: images/Background/Pixart/Architekture_Detail.pdf  used
 on input line 52.
(pdftex.def)             Requested size: 241.84843pt x 282.15257pt.


[36 <./images/Background/Pixart/Architekture_Detail.pdf>]

[37]
<images/Background/Flux/Flux_Uebersicht.pdf, id=2084, 1422.99635pt x 1280.62436
pt>
File: images/Background/Flux/Flux_Uebersicht.pdf Graphic file (type pdf)
<use images/Background/Flux/Flux_Uebersicht.pdf>
Package pdftex.def Info: images/Background/Flux/Flux_Uebersicht.pdf  used on in
put line 131.
(pdftex.def)             Requested size: 483.69687pt x 435.30882pt.


[38]
Underfull \hbox (badness 10000) in paragraph at lines 143--144

 []



[39 <./images/Background/Flux/Flux_Uebersicht.pdf>]
<images/Background/Flux/SingleDoubleBlocks.pdf, id=2129, 1849.38928pt x 1138.25
25pt>
File: images/Background/Flux/SingleDoubleBlocks.pdf Graphic file (type pdf)
<use images/Background/Flux/SingleDoubleBlocks.pdf>
Package pdftex.def Info: images/Background/Flux/SingleDoubleBlocks.pdf  used on
 input line 160.
(pdftex.def)             Requested size: 483.69687pt x 297.69287pt.


[40])

[41 <./images/Background/Flux/SingleDoubleBlocks.pdf>]
\openout2 = `Methods_Experiments.aux'.


(./Methods_Experiments.tex
Underfull \hbox (badness 10000) in paragraph at lines 8--9

 []

<images/Methoden/Original_Laion_Dataset.pdf, id=2166, 963.35912pt x 227.6505pt>

File: images/Methoden/Original_Laion_Dataset.pdf Graphic file (type pdf)
<use images/Methoden/Original_Laion_Dataset.pdf>
Package pdftex.def Info: images/Methoden/Original_Laion_Dataset.pdf  used on in
put line 12.
(pdftex.def)             Requested size: 411.14528pt x 97.15833pt.
<images/Methoden/Pixart_Generated_Dataset.pdf, id=2170, 963.35912pt x 227.6505p
t>
File: images/Methoden/Pixart_Generated_Dataset.pdf Graphic file (type pdf)
<use images/Methoden/Pixart_Generated_Dataset.pdf>
Package pdftex.def Info: images/Methoden/Pixart_Generated_Dataset.pdf  used on 
input line 42.
(pdftex.def)             Requested size: 411.14528pt x 97.15833pt.


[42



 <./images/Methoden/Original_Laion_Dataset.pdf>]
<images/Methoden/Flux_Generated_Dataset.pdf, id=2191, 963.35912pt x 227.6505pt>

File: images/Methoden/Flux_Generated_Dataset.pdf Graphic file (type pdf)
<use images/Methoden/Flux_Generated_Dataset.pdf>
Package pdftex.def Info: images/Methoden/Flux_Generated_Dataset.pdf  used on in
put line 69.
(pdftex.def)             Requested size: 411.14528pt x 97.15833pt.


[43 <./images/Methoden/Pixart_Generated_Dataset.pdf> <./images/Methoden/Flux_Ge
nerated_Dataset.pdf

pdfTeX warning: /Library/TeX/texbin/pdflatex (file ./images/Methoden/Flux_Gener
ated_Dataset.pdf): PDF inclusion: multiple pdfs with page group included in a s
ingle page
>]
Overfull \hbox (8.4218pt too wide) in paragraph at lines 133--135
\T1/cmr/m/n/10 ra-tios per block. There-fore, the [][][]CMMD[][] value nor-mal-
ized by the num-ber of re-moved pa-ram-e-ters, $[]$,
 []



[44]
<images/Methoden/BlockImportance.pdf, id=2252, 963.35912pt x 542.025pt>
File: images/Methoden/BlockImportance.pdf Graphic file (type pdf)
<use images/Methoden/BlockImportance.pdf>
Package pdftex.def Info: images/Methoden/BlockImportance.pdf  used on input lin
e 138.
(pdftex.def)             Requested size: 483.69687pt x 272.1449pt.


[45 <./images/Methoden/BlockImportance.pdf>]

[46]
<images/Methoden/CompressionRemovalScheme.pdf, id=2336, 1707.01741pt x 284.7437
9pt>
File: images/Methoden/CompressionRemovalScheme.pdf Graphic file (type pdf)
<use images/Methoden/CompressionRemovalScheme.pdf>
Package pdftex.def Info: images/Methoden/CompressionRemovalScheme.pdf  used on 
input line 209.
(pdftex.def)             Requested size: 483.69687pt x 80.68358pt.


[47 <./images/Methoden/CompressionRemovalScheme.pdf>]

[48]
<images/Methoden/LossRemovalCompression.pdf, id=2399, 1991.76114pt x 568.76491p
t>
File: images/Methoden/LossRemovalCompression.pdf Graphic file (type pdf)
<use images/Methoden/LossRemovalCompression.pdf>
Package pdftex.def Info: images/Methoden/LossRemovalCompression.pdf  used on in
put line 273.
(pdftex.def)             Requested size: 483.69687pt x 138.12059pt.


[49 <./images/Methoden/LossRemovalCompression.pdf>]
<images/Methoden/OneShotCompressionScheme.pdf, id=2451, 853.50871pt x 542.025pt
>
File: images/Methoden/OneShotCompressionScheme.pdf Graphic file (type pdf)
<use images/Methoden/OneShotCompressionScheme.pdf>
Package pdftex.def Info: images/Methoden/OneShotCompressionScheme.pdf  used on 
input line 291.
(pdftex.def)             Requested size: 338.58632pt x 215.0197pt.
<images/Methoden/ProgressiveCompressionScheme.pdf, id=2458, 853.50871pt x 542.0
25pt>
File: images/Methoden/ProgressiveCompressionScheme.pdf Graphic file (type pdf)
<use images/Methoden/ProgressiveCompressionScheme.pdf>
Package pdftex.def Info: images/Methoden/ProgressiveCompressionScheme.pdf  used
 on input line 304.
(pdftex.def)             Requested size: 338.58632pt x 215.0197pt.


[50 <./images/Methoden/OneShotCompressionScheme.pdf>]

[51 <./images/Methoden/ProgressiveCompressionScheme.pdf>]
<images/Methoden/LinearCompressionScheme.pdf, id=2537, 1138.2525pt x 542.025pt>

File: images/Methoden/LinearCompressionScheme.pdf Graphic file (type pdf)
<use images/Methoden/LinearCompressionScheme.pdf>
Package pdftex.def Info: images/Methoden/LinearCompressionScheme.pdf  used on i
nput line 367.
(pdftex.def)             Requested size: 483.69687pt x 230.3369pt.


[52])

[53 <./images/Methoden/LinearCompressionScheme.pdf>]
\openout2 = `Experiments_Pixart.aux'.

 (./Experiments_Pixart.tex
Chapter 5.

Package hyperref Warning: Token not allowed in a PDF string (Unicode):
(hyperref)                removing `math shift' on input line 6.


Package hyperref Warning: Token not allowed in a PDF string (Unicode):
(hyperref)                removing `\Sigma' on input line 6.


Package hyperref Warning: Token not allowed in a PDF string (Unicode):
(hyperref)                removing `math shift' on input line 6.



[54




]
<images/Experimente/PixArt_Block_Analysis/BlockImportance.pdf, id=2618, 963.359
12pt x 853.50871pt>
File: images/Experimente/PixArt_Block_Analysis/BlockImportance.pdf Graphic file
 (type pdf)
<use images/Experimente/PixArt_Block_Analysis/BlockImportance.pdf>
Package pdftex.def Info: images/Experimente/PixArt_Block_Analysis/BlockImportan
ce.pdf  used on input line 53.
(pdftex.def)             Requested size: 338.58632pt x 299.96976pt.


[55]

[56 <./images/Experimente/PixArt_Block_Analysis/BlockImportance.pdf>]
<images/Experimente/PixArt_Block_Analysis/Block_Importance_Metrics.png, id=2677
, 794.7291pt x 933.4875pt>
File: images/Experimente/PixArt_Block_Analysis/Block_Importance_Metrics.png Gra
phic file (type png)
<use images/Experimente/PixArt_Block_Analysis/Block_Importance_Metrics.png>
Package pdftex.def Info: images/Experimente/PixArt_Block_Analysis/Block_Importa
nce_Metrics.png  used on input line 102.
(pdftex.def)             Requested size: 338.58632pt x 397.70265pt.
<images/Experimente/PixArt_Block_Analysis/QualitativeExamplesCompression06.pdf,
 id=2684, 963.35912pt x 370.02242pt>
File: images/Experimente/PixArt_Block_Analysis/QualitativeExamplesCompression06
.pdf Graphic file (type pdf)
<use images/Experimente/PixArt_Block_Analysis/QualitativeExamplesCompression06.
pdf>
Package pdftex.def Info: images/Experimente/PixArt_Block_Analysis/QualitativeEx
amplesCompression06.pdf  used on input line 112.
(pdftex.def)             Requested size: 338.58632pt x 130.04616pt.


[57 <./images/Experimente/PixArt_Block_Analysis/Block_Importance_Metrics.png>]
<images/Experimente/PixArt_Block_Analysis/single_cmmd_analysis.png, id=2694, 78
7.743pt x 281.6121pt>
File: images/Experimente/PixArt_Block_Analysis/single_cmmd_analysis.png Graphic
 file (type png)
<use images/Experimente/PixArt_Block_Analysis/single_cmmd_analysis.png>
Package pdftex.def Info: images/Experimente/PixArt_Block_Analysis/single_cmmd_a
nalysis.png  used on input line 124.
(pdftex.def)             Requested size: 338.58632pt x 121.04358pt.


[58 <./images/Experimente/PixArt_Block_Analysis/QualitativeExamplesCompression0
6.pdf> <./images/Experimente/PixArt_Block_Analysis/single_cmmd_analysis.png>]
<images/Experimente/optuna/optuna_greedy_comb.png, id=2727, 1003.1076pt x 345.4
506pt>
File: images/Experimente/optuna/optuna_greedy_comb.png Graphic file (type png)
<use images/Experimente/optuna/optuna_greedy_comb.png>
Package pdftex.def Info: images/Experimente/optuna/optuna_greedy_comb.png  used
 on input line 146.
(pdftex.def)             Requested size: 411.14528pt x 141.58821pt.


[59]
<images/Experimente/optuna/optuna_hpsv2.png, id=2739, 787.5021pt x 426.393pt>
File: images/Experimente/optuna/optuna_hpsv2.png Graphic file (type png)
<use images/Experimente/optuna/optuna_hpsv2.png>
Package pdftex.def Info: images/Experimente/optuna/optuna_hpsv2.png  used on in
put line 174.
(pdftex.def)             Requested size: 232.17242pt x 125.70676pt.
<images/Experimente/optuna/optuna_geneval.png, id=2740, 787.5021pt x 426.393pt>

File: images/Experimente/optuna/optuna_geneval.png Graphic file (type png)
<use images/Experimente/optuna/optuna_geneval.png>
Package pdftex.def Info: images/Experimente/optuna/optuna_geneval.png  used on 
input line 182.
(pdftex.def)             Requested size: 232.17242pt x 125.70676pt.
<images/Experimente/optuna/blocks_optuna_greedy.png, id=2741, 1003.8303pt x 655
.4889pt>
File: images/Experimente/optuna/blocks_optuna_greedy.png Graphic file (type png
)
<use images/Experimente/optuna/blocks_optuna_greedy.png>
Package pdftex.def Info: images/Experimente/optuna/blocks_optuna_greedy.png  us
ed on input line 193.
(pdftex.def)             Requested size: 338.58632pt x 221.09293pt.


[60 <./images/Experimente/optuna/optuna_greedy_comb.png> <./images/Experimente/
optuna/optuna_hpsv2.png> <./images/Experimente/optuna/optuna_geneval.png>]
<images/Experimente/Iterative_vs_Direct/Examples_model_50.pdf, id=2754, 1020.45
241pt x 542.025pt>
File: images/Experimente/Iterative_vs_Direct/Examples_model_50.pdf Graphic file
 (type pdf)
<use images/Experimente/Iterative_vs_Direct/Examples_model_50.pdf>
Package pdftex.def Info: images/Experimente/Iterative_vs_Direct/Examples_model_
50.pdf  used on input line 245.
(pdftex.def)             Requested size: 386.95897pt x 205.5333pt.


[61 <./images/Experimente/optuna/blocks_optuna_greedy.png> <./images/Experiment
e/Iterative_vs_Direct/Examples_model_50.pdf>]
<images/Experimente/Iterative_vs_Direct/iterative_vs_direct_hpsv2.png, id=2794,
 787.5021pt x 426.393pt>
File: images/Experimente/Iterative_vs_Direct/iterative_vs_direct_hpsv2.png Grap
hic file (type png)
<use images/Experimente/Iterative_vs_Direct/iterative_vs_direct_hpsv2.png>
Package pdftex.def Info: images/Experimente/Iterative_vs_Direct/iterative_vs_di
rect_hpsv2.png  used on input line 263.
(pdftex.def)             Requested size: 232.17242pt x 125.70676pt.
<images/Experimente/Iterative_vs_Direct/iterative_vs_direct_geneval.png, id=279
5, 787.5021pt x 426.393pt>
File: images/Experimente/Iterative_vs_Direct/iterative_vs_direct_geneval.png Gr
aphic file (type png)
<use images/Experimente/Iterative_vs_Direct/iterative_vs_direct_geneval.png>
Package pdftex.def Info: images/Experimente/Iterative_vs_Direct/iterative_vs_di
rect_geneval.png  used on input line 271.
(pdftex.def)             Requested size: 232.17242pt x 125.70676pt.


[62 <./images/Experimente/Iterative_vs_Direct/iterative_vs_direct_hpsv2.png> <.
/images/Experimente/Iterative_vs_Direct/iterative_vs_direct_geneval.png>]
<images/Experimente/loss_investigation/loss_investigation_hpsv2.png, id=2814, 7
87.5021pt x 426.1521pt>
File: images/Experimente/loss_investigation/loss_investigation_hpsv2.png Graphi
c file (type png)
<use images/Experimente/loss_investigation/loss_investigation_hpsv2.png>
Package pdftex.def Info: images/Experimente/loss_investigation/loss_investigati
on_hpsv2.png  used on input line 318.
(pdftex.def)             Requested size: 232.17242pt x 125.63574pt.
<images/Experimente/loss_investigation/loss_investigation_geneval.png, id=2815,
 787.5021pt x 426.393pt>
File: images/Experimente/loss_investigation/loss_investigation_geneval.png Grap
hic file (type png)
<use images/Experimente/loss_investigation/loss_investigation_geneval.png>
Package pdftex.def Info: images/Experimente/loss_investigation/loss_investigati
on_geneval.png  used on input line 326.
(pdftex.def)             Requested size: 232.17242pt x 125.70676pt.
<images/Experimente/loss_investigation/QualitativeExamples.pdf, id=2816, 963.35
912pt x 995.88057pt>
File: images/Experimente/loss_investigation/QualitativeExamples.pdf Graphic fil
e (type pdf)
<use images/Experimente/loss_investigation/QualitativeExamples.pdf>
Package pdftex.def Info: images/Experimente/loss_investigation/QualitativeExamp
les.pdf  used on input line 337.
(pdftex.def)             Requested size: 435.32422pt x 450.01122pt.


[63 <./images/Experimente/loss_investigation/loss_investigation_hpsv2.png> <./i
mages/Experimente/loss_investigation/loss_investigation_geneval.png>]

[64 <./images/Experimente/loss_investigation/QualitativeExamples.pdf>]
<images/Experimente/It_shortcut_no_pix/Qualitative_Examples_Finetuning_Protocol
s.pdf, id=2877, 711.13678pt x 542.025pt>
File: images/Experimente/It_shortcut_no_pix/Qualitative_Examples_Finetuning_Pro
tocols.pdf Graphic file (type pdf)
<use images/Experimente/It_shortcut_no_pix/Qualitative_Examples_Finetuning_Prot
ocols.pdf>
Package pdftex.def Info: images/Experimente/It_shortcut_no_pix/Qualitative_Exam
ples_Finetuning_Protocols.pdf  used on input line 373.
(pdftex.def)             Requested size: 435.32422pt x 331.80092pt.


[65 <./images/Experimente/It_shortcut_no_pix/Qualitative_Examples_Finetuning_Pr
otocols.pdf>]
<images/Experimente/It_shortcut_no_pix/iter_shortcut_no_pix_hpsv2.png, id=2935,
 787.5021pt x 426.393pt>
File: images/Experimente/It_shortcut_no_pix/iter_shortcut_no_pix_hpsv2.png Grap
hic file (type png)
<use images/Experimente/It_shortcut_no_pix/iter_shortcut_no_pix_hpsv2.png>
Package pdftex.def Info: images/Experimente/It_shortcut_no_pix/iter_shortcut_no
_pix_hpsv2.png  used on input line 392.
(pdftex.def)             Requested size: 232.17242pt x 125.70676pt.
<images/Experimente/It_shortcut_no_pix/iter_shortcut_no_pix_geneval.png, id=293
6, 787.5021pt x 426.1521pt>
File: images/Experimente/It_shortcut_no_pix/iter_shortcut_no_pix_geneval.png Gr
aphic file (type png)
<use images/Experimente/It_shortcut_no_pix/iter_shortcut_no_pix_geneval.png>
Package pdftex.def Info: images/Experimente/It_shortcut_no_pix/iter_shortcut_no
_pix_geneval.png  used on input line 400.
(pdftex.def)             Requested size: 232.17242pt x 125.63574pt.
<images/Experimente/SVD_VS_Removal/ImageExamples.pdf, id=2937, 1020.45241pt x 5
42.025pt>
File: images/Experimente/SVD_VS_Removal/ImageExamples.pdf Graphic file (type pd
f)
<use images/Experimente/SVD_VS_Removal/ImageExamples.pdf>
Package pdftex.def Info: images/Experimente/SVD_VS_Removal/ImageExamples.pdf  u
sed on input line 416.
(pdftex.def)             Requested size: 435.32422pt x 231.23012pt.


[66 <./images/Experimente/It_shortcut_no_pix/iter_shortcut_no_pix_hpsv2.png> <.
/images/Experimente/It_shortcut_no_pix/iter_shortcut_no_pix_geneval.png>]

[67 <./images/Experimente/SVD_VS_Removal/ImageExamples.pdf>]
<images/Experimente/SVD_VS_Removal/SVD_vs_removal_hpsv2.png, id=3008, 787.5021p
t x 426.393pt>
File: images/Experimente/SVD_VS_Removal/SVD_vs_removal_hpsv2.png Graphic file (
type png)
<use images/Experimente/SVD_VS_Removal/SVD_vs_removal_hpsv2.png>
Package pdftex.def Info: images/Experimente/SVD_VS_Removal/SVD_vs_removal_hpsv2
.png  used on input line 461.
(pdftex.def)             Requested size: 232.17242pt x 125.70676pt.
<images/Experimente/SVD_VS_Removal/SVD_vs_removal_geneval.png, id=3009, 787.502
1pt x 426.1521pt>
File: images/Experimente/SVD_VS_Removal/SVD_vs_removal_geneval.png Graphic file
 (type png)
<use images/Experimente/SVD_VS_Removal/SVD_vs_removal_geneval.png>
Package pdftex.def Info: images/Experimente/SVD_VS_Removal/SVD_vs_removal_genev
al.png  used on input line 469.
(pdftex.def)             Requested size: 232.17242pt x 125.63574pt.


Package hyperref Warning: Token not allowed in a PDF string (Unicode):
(hyperref)                removing `\gls' on input line 481.



[68 <./images/Experimente/SVD_VS_Removal/SVD_vs_removal_hpsv2.png> <./images/Ex
perimente/SVD_VS_Removal/SVD_vs_removal_geneval.png>]
<images/Experimente/Different_MLP_Attn_Pruning/differnt_comp_ratios_hpsv2.png, 
id=3037, 786.5385pt x 426.393pt>
File: images/Experimente/Different_MLP_Attn_Pruning/differnt_comp_ratios_hpsv2.
png Graphic file (type png)
<use images/Experimente/Different_MLP_Attn_Pruning/differnt_comp_ratios_hpsv2.p
ng>
Package pdftex.def Info: images/Experimente/Different_MLP_Attn_Pruning/differnt
_comp_ratios_hpsv2.png  used on input line 511.
(pdftex.def)             Requested size: 232.17242pt x 125.86292pt.
<images/Experimente/Different_MLP_Attn_Pruning/differnt_comp_ratios_geneval.png
, id=3038, 786.7794pt x 426.393pt>
File: images/Experimente/Different_MLP_Attn_Pruning/differnt_comp_ratios_geneva
l.png Graphic file (type png)
<use images/Experimente/Different_MLP_Attn_Pruning/differnt_comp_ratios_geneval
.png>
Package pdftex.def Info: images/Experimente/Different_MLP_Attn_Pruning/differnt
_comp_ratios_geneval.png  used on input line 519.
(pdftex.def)             Requested size: 232.17242pt x 125.82387pt.
<images/Experimente/Different_MLP_Attn_Pruning/ImageExamples.pdf, id=3039, 1280
.62436pt x 1707.01741pt>
File: images/Experimente/Different_MLP_Attn_Pruning/ImageExamples.pdf Graphic f
ile (type pdf)
<use images/Experimente/Different_MLP_Attn_Pruning/ImageExamples.pdf>
Package pdftex.def Info: images/Experimente/Different_MLP_Attn_Pruning/ImageExa
mples.pdf  used on input line 531.
(pdftex.def)             Requested size: 483.69687pt x 644.74028pt.


[69 <./images/Experimente/Different_MLP_Attn_Pruning/differnt_comp_ratios_hpsv2
.png> <./images/Experimente/Different_MLP_Attn_Pruning/differnt_comp_ratios_gen
eval.png>]
<images/Experimente/Compression_Schedul/PixartCompressedComponents.pdf, id=3053
, 711.13678pt x 711.13678pt>
File: images/Experimente/Compression_Schedul/PixartCompressedComponents.pdf Gra
phic file (type pdf)
<use images/Experimente/Compression_Schedul/PixartCompressedComponents.pdf>
Package pdftex.def Info: images/Experimente/Compression_Schedul/PixartCompresse
dComponents.pdf  used on input line 542.
(pdftex.def)             Requested size: 362.77264pt x 362.77261pt.


[70 <./images/Experimente/Different_MLP_Attn_Pruning/ImageExamples.pdf>]

[71 <./images/Experimente/Compression_Schedul/PixartCompressedComponents.pdf>]
<images/Experimente/Compression_Schedul/SVD_param_distribution_hpsv2.png, id=31
72, 787.5021pt x 426.393pt>
File: images/Experimente/Compression_Schedul/SVD_param_distribution_hpsv2.png G
raphic file (type png)
<use images/Experimente/Compression_Schedul/SVD_param_distribution_hpsv2.png>
Package pdftex.def Info: images/Experimente/Compression_Schedul/SVD_param_distr
ibution_hpsv2.png  used on input line 572.
(pdftex.def)             Requested size: 232.17242pt x 125.70676pt.
<images/Experimente/Compression_Schedul/SVD_param_distribution_geneval.png, id=
3173, 787.5021pt x 426.393pt>
File: images/Experimente/Compression_Schedul/SVD_param_distribution_geneval.png
 Graphic file (type png)
<use images/Experimente/Compression_Schedul/SVD_param_distribution_geneval.png>

Package pdftex.def Info: images/Experimente/Compression_Schedul/SVD_param_distr
ibution_geneval.png  used on input line 580.
(pdftex.def)             Requested size: 232.17242pt x 125.70676pt.


[72 <./images/Experimente/Compression_Schedul/SVD_param_distribution_hpsv2.png>
 <./images/Experimente/Compression_Schedul/SVD_param_distribution_geneval.png>]
)

[73]
\openout2 = `Experiments_Flux.aux'.

 (./Experiments_Flux.tex

[74



]
<images/Experimente/Flux/SVDtrunc/CompressedComponents.pdf, id=3236, 1849.38928
pt x 1138.2525pt>
File: images/Experimente/Flux/SVDtrunc/CompressedComponents.pdf Graphic file (t
ype pdf)
<use images/Experimente/Flux/SVDtrunc/CompressedComponents.pdf>
Package pdftex.def Info: images/Experimente/Flux/SVDtrunc/CompressedComponents.
pdf  used on input line 44.
(pdftex.def)             Requested size: 483.69687pt x 297.69287pt.
<images/Experimente/Flux/Block_Analysis/OverviewCompressionRemoval.pdf, id=3239
, 1138.2525pt x 568.76491pt>
File: images/Experimente/Flux/Block_Analysis/OverviewCompressionRemoval.pdf Gra
phic file (type pdf)
<use images/Experimente/Flux/Block_Analysis/OverviewCompressionRemoval.pdf>
Package pdftex.def Info: images/Experimente/Flux/Block_Analysis/OverviewCompres
sionRemoval.pdf  used on input line 54.
(pdftex.def)             Requested size: 483.69687pt x 241.7002pt.


[75 <./images/Experimente/Flux/SVDtrunc/CompressedComponents.pdf>]
<images/Experimente/Flux/Block_Analysis/OvervieCompressionRemovalSingel.pdf, id
=3266, 1138.2525pt x 568.76491pt>
File: images/Experimente/Flux/Block_Analysis/OvervieCompressionRemovalSingel.pd
f Graphic file (type pdf)
<use images/Experimente/Flux/Block_Analysis/OvervieCompressionRemovalSingel.pdf
>
Package pdftex.def Info: images/Experimente/Flux/Block_Analysis/OvervieCompress
ionRemovalSingel.pdf  used on input line 75.
(pdftex.def)             Requested size: 483.69687pt x 241.7002pt.


[76 <./images/Experimente/Flux/Block_Analysis/OverviewCompressionRemoval.pdf>]
<images/Experimente/Flux/TrainingFree_paper/TrainingFree.pdf, id=3294, 963.3591
2pt x 568.76491pt>
File: images/Experimente/Flux/TrainingFree_paper/TrainingFree.pdf Graphic file 
(type pdf)
<use images/Experimente/Flux/TrainingFree_paper/TrainingFree.pdf>
Package pdftex.def Info: images/Experimente/Flux/TrainingFree_paper/TrainingFre
e.pdf  used on input line 96.
(pdftex.def)             Requested size: 483.69687pt x 285.57072pt.


[77 <./images/Experimente/Flux/Block_Analysis/OvervieCompressionRemovalSingel.p
df> <./images/Experimente/Flux/TrainingFree_paper/TrainingFree.pdf

pdfTeX warning: /Library/TeX/texbin/pdflatex (file ./images/Experimente/Flux/Tr
ainingFree_paper/TrainingFree.pdf): PDF inclusion: multiple pdfs with page grou
p included in a single page
>]
<images/Experimente/Flux/BlockSelection/Examples_Random_vs_Importance_Block_Sel
ection.pdf, id=3374, 963.35912pt x 568.76491pt>
File: images/Experimente/Flux/BlockSelection/Examples_Random_vs_Importance_Bloc
k_Selection.pdf Graphic file (type pdf)
<use images/Experimente/Flux/BlockSelection/Examples_Random_vs_Importance_Block
_Selection.pdf>
Package pdftex.def Info: images/Experimente/Flux/BlockSelection/Examples_Random
_vs_Importance_Block_Selection.pdf  used on input line 153.
(pdftex.def)             Requested size: 483.69687pt x 285.57072pt.


[78]

[79 <./images/Experimente/Flux/BlockSelection/Examples_Random_vs_Importance_Blo
ck_Selection.pdf>]
<images/Experimente/Flux/BlockSelection/BlockImportance_hpsv2.png, id=3430, 786
.0567pt x 426.393pt>
File: images/Experimente/Flux/BlockSelection/BlockImportance_hpsv2.png Graphic 
file (type png)
<use images/Experimente/Flux/BlockSelection/BlockImportance_hpsv2.png>
Package pdftex.def Info: images/Experimente/Flux/BlockSelection/BlockImportance
_hpsv2.png  used on input line 173.
(pdftex.def)             Requested size: 149.94484pt x 81.3343pt.
<images/Experimente/Flux/BlockSelection/BlockImportance_geneval.png, id=3431, 7
86.0567pt x 426.1521pt>
File: images/Experimente/Flux/BlockSelection/BlockImportance_geneval.png Graphi
c file (type png)
<use images/Experimente/Flux/BlockSelection/BlockImportance_geneval.png>
Package pdftex.def Info: images/Experimente/Flux/BlockSelection/BlockImportance
_geneval.png  used on input line 181.
(pdftex.def)             Requested size: 149.94484pt x 81.28836pt.
<images/Experimente/Flux/BlockSelection/BlockImportance_dpg.png, id=3432, 785.8
158pt x 426.393pt>
File: images/Experimente/Flux/BlockSelection/BlockImportance_dpg.png Graphic fi
le (type png)
<use images/Experimente/Flux/BlockSelection/BlockImportance_dpg.png>
Package pdftex.def Info: images/Experimente/Flux/BlockSelection/BlockImportance
_dpg.png  used on input line 189.
(pdftex.def)             Requested size: 149.94484pt x 81.36034pt.


[80 <./images/Experimente/Flux/BlockSelection/BlockImportance_hpsv2.png> <./ima
ges/Experimente/Flux/BlockSelection/BlockImportance_geneval.png> <./images/Expe
rimente/Flux/BlockSelection/BlockImportance_dpg.png>]
<images/Experimente/Flux/ParamDistributionRemoval/ParamDistribution_hpsv2.png, 
id=3445, 787.5021pt x 426.393pt>
File: images/Experimente/Flux/ParamDistributionRemoval/ParamDistribution_hpsv2.
png Graphic file (type png)
<use images/Experimente/Flux/ParamDistributionRemoval/ParamDistribution_hpsv2.p
ng>
Package pdftex.def Info: images/Experimente/Flux/ParamDistributionRemoval/Param
Distribution_hpsv2.png  used on input line 226.
(pdftex.def)             Requested size: 149.94484pt x 81.18466pt.
<images/Experimente/Flux/ParamDistributionRemoval/ParamDistribution_geneval.png
, id=3446, 787.5021pt x 426.1521pt>
File: images/Experimente/Flux/ParamDistributionRemoval/ParamDistribution_geneva
l.png Graphic file (type png)
<use images/Experimente/Flux/ParamDistributionRemoval/ParamDistribution_geneval
.png>
Package pdftex.def Info: images/Experimente/Flux/ParamDistributionRemoval/Param
Distribution_geneval.png  used on input line 234.
(pdftex.def)             Requested size: 149.94484pt x 81.1388pt.
<images/Experimente/Flux/ParamDistributionRemoval/ParamDistribution_dpg.png, id
=3447, 787.5021pt x 426.393pt>
File: images/Experimente/Flux/ParamDistributionRemoval/ParamDistribution_dpg.pn
g Graphic file (type png)
<use images/Experimente/Flux/ParamDistributionRemoval/ParamDistribution_dpg.png
>
Package pdftex.def Info: images/Experimente/Flux/ParamDistributionRemoval/Param
Distribution_dpg.png  used on input line 242.
(pdftex.def)             Requested size: 149.94484pt x 81.18466pt.
<images/Experimente/Flux/SVDtrunc/SVDtrunc.pdf, id=3448, 963.35912pt x 568.7649
1pt>
File: images/Experimente/Flux/SVDtrunc/SVDtrunc.pdf Graphic file (type pdf)
<use images/Experimente/Flux/SVDtrunc/SVDtrunc.pdf>
Package pdftex.def Info: images/Experimente/Flux/SVDtrunc/SVDtrunc.pdf  used on
 input line 256.
(pdftex.def)             Requested size: 483.69687pt x 285.57072pt.
<images/Experimente/Flux/SVDtrunc/front_plot.pdf, id=3453, 722.7pt x 433.62pt>
File: images/Experimente/Flux/SVDtrunc/front_plot.pdf Graphic file (type pdf)
<use images/Experimente/Flux/SVDtrunc/front_plot.pdf>
Package pdftex.def Info: images/Experimente/Flux/SVDtrunc/front_plot.pdf  used 
on input line 267.
(pdftex.def)             Requested size: 314.40001pt x 188.63641pt.


[81 <./images/Experimente/Flux/ParamDistributionRemoval/ParamDistribution_hpsv2
.png> <./images/Experimente/Flux/ParamDistributionRemoval/ParamDistribution_gen
eval.png> <./images/Experimente/Flux/ParamDistributionRemoval/ParamDistribution
_dpg.png> <./images/Experimente/Flux/SVDtrunc/SVDtrunc.pdf>]
Overfull \hbox (10.19669pt too wide) in paragraph at lines 284--429
 [] 
 []



[82 <./images/Experimente/Flux/SVDtrunc/front_plot.pdf>]
<images/Experimente/Flux/SVDtrunc/SVDtrunc_Shift.pdf, id=3583, 963.35912pt x 56
8.76491pt>
File: images/Experimente/Flux/SVDtrunc/SVDtrunc_Shift.pdf Graphic file (type pd
f)
<use images/Experimente/Flux/SVDtrunc/SVDtrunc_Shift.pdf>
Package pdftex.def Info: images/Experimente/Flux/SVDtrunc/SVDtrunc_Shift.pdf  u
sed on input line 439.
(pdftex.def)             Requested size: 483.69687pt x 285.57072pt.
<images/Experimente/Flux/SVDtrunc/SVDtrunc_Failure.pdf, id=3589, 963.35912pt x 
568.76491pt>
File: images/Experimente/Flux/SVDtrunc/SVDtrunc_Failure.pdf Graphic file (type 
pdf)
<use images/Experimente/Flux/SVDtrunc/SVDtrunc_Failure.pdf>
Package pdftex.def Info: images/Experimente/Flux/SVDtrunc/SVDtrunc_Failure.pdf 
 used on input line 451.
(pdftex.def)             Requested size: 483.69687pt x 285.57072pt.


[83 <./images/Experimente/Flux/SVDtrunc/SVDtrunc_Shift.pdf>]
<images/Experimente/Flux/FluxSchnell/FluxSchnell.pdf, id=3623, 963.35912pt x 56
8.76491pt>
File: images/Experimente/Flux/FluxSchnell/FluxSchnell.pdf Graphic file (type pd
f)
<use images/Experimente/Flux/FluxSchnell/FluxSchnell.pdf>
Package pdftex.def Info: images/Experimente/Flux/FluxSchnell/FluxSchnell.pdf  u
sed on input line 460.
(pdftex.def)             Requested size: 483.69687pt x 285.57072pt.


[84 <./images/Experimente/Flux/SVDtrunc/SVDtrunc_Failure.pdf> <./images/Experim
ente/Flux/FluxSchnell/FluxSchnell.pdf>]

[85]
<images/Experimente/Flux/Training_Free/double_blocks_4_img_mod_lin_grasp.png, i
d=3717, 616.2222pt x 436.029pt>
File: images/Experimente/Flux/Training_Free/double_blocks_4_img_mod_lin_grasp.p
ng Graphic file (type png)
<use images/Experimente/Flux/Training_Free/double_blocks_4_img_mod_lin_grasp.pn
g>
Package pdftex.def Info: images/Experimente/Flux/Training_Free/double_blocks_4_
img_mod_lin_grasp.png  used on input line 537.
(pdftex.def)             Requested size: 232.17242pt x 164.27559pt.
<images/Experimente/Flux/Training_Free/double_blocks_4_img_mod_lin_grasp_zoom.p
ng, id=3718, 616.4631pt x 440.847pt>
File: images/Experimente/Flux/Training_Free/double_blocks_4_img_mod_lin_grasp_z
oom.png Graphic file (type png)
<use images/Experimente/Flux/Training_Free/double_blocks_4_img_mod_lin_grasp_zo
om.png>
Package pdftex.def Info: images/Experimente/Flux/Training_Free/double_blocks_4_
img_mod_lin_grasp_zoom.png  used on input line 545.
(pdftex.def)             Requested size: 232.17242pt x 166.03024pt.
<images/Experimente/Flux/Training_Free/GRASP_vs_SVD_hpsv2.png, id=3736, 787.743
pt x 426.393pt>
File: images/Experimente/Flux/Training_Free/GRASP_vs_SVD_hpsv2.png Graphic file
 (type png)
<use images/Experimente/Flux/Training_Free/GRASP_vs_SVD_hpsv2.png>
Package pdftex.def Info: images/Experimente/Flux/Training_Free/GRASP_vs_SVD_hps
v2.png  used on input line 565.
(pdftex.def)             Requested size: 232.17242pt x 125.66772pt.
<images/Experimente/Flux/Training_Free/GRASP_vs_SVD_geneval.png, id=3737, 787.5
021pt x 426.393pt>
File: images/Experimente/Flux/Training_Free/GRASP_vs_SVD_geneval.png Graphic fi
le (type png)
<use images/Experimente/Flux/Training_Free/GRASP_vs_SVD_geneval.png>
Package pdftex.def Info: images/Experimente/Flux/Training_Free/GRASP_vs_SVD_gen
eval.png  used on input line 573.
(pdftex.def)             Requested size: 232.17242pt x 125.70676pt.


[86 <./images/Experimente/Flux/Training_Free/double_blocks_4_img_mod_lin_grasp.
png> <./images/Experimente/Flux/Training_Free/double_blocks_4_img_mod_lin_grasp
_zoom.png>]
<images/Experimente/Flux/Training_Free/SVD_vs_GRASP_Images.pdf, id=3749, 1280.6
2436pt x 1707.01741pt>
File: images/Experimente/Flux/Training_Free/SVD_vs_GRASP_Images.pdf Graphic fil
e (type pdf)
<use images/Experimente/Flux/Training_Free/SVD_vs_GRASP_Images.pdf>
Package pdftex.def Info: images/Experimente/Flux/Training_Free/SVD_vs_GRASP_Ima
ges.pdf  used on input line 586.
(pdftex.def)             Requested size: 483.69687pt x 644.74028pt.


[87 <./images/Experimente/Flux/Training_Free/GRASP_vs_SVD_hpsv2.png> <./images/
Experimente/Flux/Training_Free/GRASP_vs_SVD_geneval.png>])

[88 <./images/Experimente/Flux/Training_Free/SVD_vs_GRASP_Images.pdf>]
\openout2 = `conclusion.aux'.


(./conclusion.tex)
\openout2 = `Appendix.aux'.

 (./Appendix.tex
Appendix A.

Package hyperref Warning: Token not allowed in a PDF string (Unicode):
(hyperref)                removing `math shift' on input line 1.


Package hyperref Warning: Token not allowed in a PDF string (Unicode):
(hyperref)                removing `\Sigma' on input line 1.


Package hyperref Warning: Token not allowed in a PDF string (Unicode):
(hyperref)                removing `math shift' on input line 1.

<images/Experimente/Pixart_Block_Analysis/cka_heatmap_100_thesis.png, id=3828, 
790.152pt x 502.2765pt>
File: images/Experimente/Pixart_Block_Analysis/cka_heatmap_100_thesis.png Graph
ic file (type png)
<use images/Experimente/Pixart_Block_Analysis/cka_heatmap_100_thesis.png>
Package pdftex.def Info: images/Experimente/Pixart_Block_Analysis/cka_heatmap_1
00_thesis.png  used on input line 42.
(pdftex.def)             Requested size: 314.40001pt x 199.85706pt.


[89







]
<images/Experimente/PixArt_Block_Analysis/BlockAnalysisCompression06.pdf, id=38
35, 963.35912pt x 853.50871pt>
File: images/Experimente/PixArt_Block_Analysis/BlockAnalysisCompression06.pdf G
raphic file (type pdf)
<use images/Experimente/PixArt_Block_Analysis/BlockAnalysisCompression06.pdf>
Package pdftex.def Info: images/Experimente/PixArt_Block_Analysis/BlockAnalysis
Compression06.pdf  used on input line 51.
(pdftex.def)             Requested size: 338.58632pt x 299.96976pt.


[90 <./images/Experimente/Pixart_Block_Analysis/cka_heatmap_100_thesis.png> <./
images/Experimente/PixArt_Block_Analysis/BlockAnalysisCompression06.pdf>]
<images/Experimente/loss_investigation/magnitude_block_features.png, id=3880, 7
14.7503pt x 426.393pt>
File: images/Experimente/loss_investigation/magnitude_block_features.png Graphi
c file (type png)
<use images/Experimente/loss_investigation/magnitude_block_features.png>
Package pdftex.def Info: images/Experimente/loss_investigation/magnitude_block_
features.png  used on input line 85.
(pdftex.def)             Requested size: 290.22107pt x 173.13715pt.
<images/Appendix/KnowledgeDistillation/model_90.pdf, id=3886, 1081.1592pt x 995
.88057pt>
File: images/Appendix/KnowledgeDistillation/model_90.pdf Graphic file (type pdf
)
<use images/Appendix/KnowledgeDistillation/model_90.pdf>
Package pdftex.def Info: images/Appendix/KnowledgeDistillation/model_90.pdf  us
ed on input line 97.
(pdftex.def)             Requested size: 314.40001pt x 289.58815pt.


[91 <./images/Experimente/loss_investigation/magnitude_block_features.png>]
<images/Appendix/KnowledgeDistillation/model_80.pdf, id=3892, 1081.1592pt x 995
.88057pt>
File: images/Appendix/KnowledgeDistillation/model_80.pdf Graphic file (type pdf
)
<use images/Appendix/KnowledgeDistillation/model_80.pdf>
Package pdftex.def Info: images/Appendix/KnowledgeDistillation/model_80.pdf  us
ed on input line 104.
(pdftex.def)             Requested size: 314.40001pt x 289.58815pt.
<images/Appendix/KnowledgeDistillation/model_70.pdf, id=3893, 1081.1592pt x 995
.88057pt>
File: images/Appendix/KnowledgeDistillation/model_70.pdf Graphic file (type pdf
)
<use images/Appendix/KnowledgeDistillation/model_70.pdf>
Package pdftex.def Info: images/Appendix/KnowledgeDistillation/model_70.pdf  us
ed on input line 111.
(pdftex.def)             Requested size: 314.40001pt x 289.58815pt.


[92 <./images/Appendix/KnowledgeDistillation/model_90.pdf> <./images/Appendix/K
nowledgeDistillation/model_80.pdf>]
<images/Appendix/KnowledgeDistillation/model_50.pdf, id=3988, 1081.1592pt x 995
.88057pt>
File: images/Appendix/KnowledgeDistillation/model_50.pdf Graphic file (type pdf
)
<use images/Appendix/KnowledgeDistillation/model_50.pdf>
Package pdftex.def Info: images/Appendix/KnowledgeDistillation/model_50.pdf  us
ed on input line 118.
(pdftex.def)             Requested size: 314.40001pt x 289.58815pt.
<images/Appendix/FinetuningProtocol/model_90.pdf, id=3990, 992.2671pt x 711.136
78pt>
File: images/Appendix/FinetuningProtocol/model_90.pdf Graphic file (type pdf)
<use images/Appendix/FinetuningProtocol/model_90.pdf>
Package pdftex.def Info: images/Appendix/FinetuningProtocol/model_90.pdf  used 
on input line 131.
(pdftex.def)             Requested size: 338.58632pt x 242.65138pt.


[93 <./images/Appendix/KnowledgeDistillation/model_70.pdf> <./images/Appendix/K
nowledgeDistillation/model_50.pdf>]
<images/Appendix/FinetuningProtocol/model_80.pdf, id=4086, 992.2671pt x 711.136
78pt>
File: images/Appendix/FinetuningProtocol/model_80.pdf Graphic file (type pdf)
<use images/Appendix/FinetuningProtocol/model_80.pdf>
Package pdftex.def Info: images/Appendix/FinetuningProtocol/model_80.pdf  used 
on input line 138.
(pdftex.def)             Requested size: 338.58632pt x 242.65138pt.
<images/Appendix/FinetuningProtocol/model_70.pdf, id=4087, 992.2671pt x 711.136
78pt>
File: images/Appendix/FinetuningProtocol/model_70.pdf Graphic file (type pdf)
<use images/Appendix/FinetuningProtocol/model_70.pdf>
Package pdftex.def Info: images/Appendix/FinetuningProtocol/model_70.pdf  used 
on input line 145.
(pdftex.def)             Requested size: 338.58632pt x 242.65138pt.


[94 <./images/Appendix/FinetuningProtocol/model_90.pdf> <./images/Appendix/Fine
tuningProtocol/model_80.pdf>]
<images/Appendix/FinetuningProtocol/model_50.pdf, id=4162, 992.2671pt x 711.136
78pt>
File: images/Appendix/FinetuningProtocol/model_50.pdf Graphic file (type pdf)
<use images/Appendix/FinetuningProtocol/model_50.pdf>
Package pdftex.def Info: images/Appendix/FinetuningProtocol/model_50.pdf  used 
on input line 152.
(pdftex.def)             Requested size: 338.58632pt x 242.65138pt.
<images/Experimente/SVD_VS_Removal/PixartArchitectureCompressedModules.pdf, id=
4163, 1138.2525pt x 1138.2525pt>
File: images/Experimente/SVD_VS_Removal/PixartArchitectureCompressedModules.pdf
 Graphic file (type pdf)
<use images/Experimente/SVD_VS_Removal/PixartArchitectureCompressedModules.pdf>

Package pdftex.def Info: images/Experimente/SVD_VS_Removal/PixartArchitectureCo
mpressedModules.pdf  used on input line 162.
(pdftex.def)             Requested size: 435.32422pt x 435.31938pt.


[95 <./images/Appendix/FinetuningProtocol/model_70.pdf> <./images/Appendix/Fine
tuningProtocol/model_50.pdf>]
<images/Experimente/SVD_VS_Removal/ImageExamples_model90.pdf, id=4238, 1020.452
41pt x 542.025pt>
File: images/Experimente/SVD_VS_Removal/ImageExamples_model90.pdf Graphic file 
(type pdf)
<use images/Experimente/SVD_VS_Removal/ImageExamples_model90.pdf>
Package pdftex.def Info: images/Experimente/SVD_VS_Removal/ImageExamples_model9
0.pdf  used on input line 169.
(pdftex.def)             Requested size: 435.32422pt x 231.23012pt.


[96 <./images/Experimente/SVD_VS_Removal/PixartArchitectureCompressedModules.pd
f>]
<images/Experimente/SVD_VS_Removal/ImageExamples_model80.pdf, id=4270, 1020.452
41pt x 542.025pt>
File: images/Experimente/SVD_VS_Removal/ImageExamples_model80.pdf Graphic file 
(type pdf)
<use images/Experimente/SVD_VS_Removal/ImageExamples_model80.pdf>
Package pdftex.def Info: images/Experimente/SVD_VS_Removal/ImageExamples_model8
0.pdf  used on input line 176.
(pdftex.def)             Requested size: 435.32422pt x 231.23012pt.
<images/Experimente/SVD_VS_Removal/ImageExamples_model70.pdf, id=4273, 1020.452
41pt x 542.025pt>
File: images/Experimente/SVD_VS_Removal/ImageExamples_model70.pdf Graphic file 
(type pdf)
<use images/Experimente/SVD_VS_Removal/ImageExamples_model70.pdf>
Package pdftex.def Info: images/Experimente/SVD_VS_Removal/ImageExamples_model7
0.pdf  used on input line 183.
(pdftex.def)             Requested size: 435.32422pt x 231.23012pt.


[97 <./images/Experimente/SVD_VS_Removal/ImageExamples_model90.pdf> <./images/E
xperimente/SVD_VS_Removal/ImageExamples_model80.pdf>]
<images/Experimente/SVD_VS_Removal/ImageExamples_model60.pdf, id=4341, 1020.452
41pt x 542.025pt>
File: images/Experimente/SVD_VS_Removal/ImageExamples_model60.pdf Graphic file 
(type pdf)
<use images/Experimente/SVD_VS_Removal/ImageExamples_model60.pdf>
Package pdftex.def Info: images/Experimente/SVD_VS_Removal/ImageExamples_model6
0.pdf  used on input line 190.
(pdftex.def)             Requested size: 435.32422pt x 231.23012pt.
<images/Experimente/Iterative_vs_Direct/Examples_model_90.pdf, id=4345, 1020.45
241pt x 542.025pt>
File: images/Experimente/Iterative_vs_Direct/Examples_model_90.pdf Graphic file
 (type pdf)
<use images/Experimente/Iterative_vs_Direct/Examples_model_90.pdf>
Package pdftex.def Info: images/Experimente/Iterative_vs_Direct/Examples_model_
90.pdf  used on input line 201.
(pdftex.def)             Requested size: 338.58632pt x 179.84473pt.


[98 <./images/Experimente/SVD_VS_Removal/ImageExamples_model70.pdf> <./images/E
xperimente/SVD_VS_Removal/ImageExamples_model60.pdf>]
<images/Experimente/Iterative_vs_Direct/Examples_model_80.pdf, id=4410, 1020.45
241pt x 542.025pt>
File: images/Experimente/Iterative_vs_Direct/Examples_model_80.pdf Graphic file
 (type pdf)
<use images/Experimente/Iterative_vs_Direct/Examples_model_80.pdf>
Package pdftex.def Info: images/Experimente/Iterative_vs_Direct/Examples_model_
80.pdf  used on input line 209.
(pdftex.def)             Requested size: 338.58632pt x 179.84473pt.
<images/Experimente/Iterative_vs_Direct/Examples_model_70.pdf, id=4411, 1020.45
241pt x 542.025pt>
File: images/Experimente/Iterative_vs_Direct/Examples_model_70.pdf Graphic file
 (type pdf)
<use images/Experimente/Iterative_vs_Direct/Examples_model_70.pdf>
Package pdftex.def Info: images/Experimente/Iterative_vs_Direct/Examples_model_
70.pdf  used on input line 216.
(pdftex.def)             Requested size: 338.58632pt x 179.84473pt.
<images/Experimente/Iterative_vs_Direct/Examples_model_60.pdf, id=4412, 1020.45
241pt x 542.025pt>
File: images/Experimente/Iterative_vs_Direct/Examples_model_60.pdf Graphic file
 (type pdf)
<use images/Experimente/Iterative_vs_Direct/Examples_model_60.pdf>
Package pdftex.def Info: images/Experimente/Iterative_vs_Direct/Examples_model_
60.pdf  used on input line 223.
(pdftex.def)             Requested size: 338.58632pt x 179.84473pt.


[99 <./images/Experimente/Iterative_vs_Direct/Examples_model_90.pdf> <./images/
Experimente/Iterative_vs_Direct/Examples_model_80.pdf> <./images/Experimente/It
erative_vs_Direct/Examples_model_70.pdf>]
<images/Experimente/Compression_Schedul/ParameterDistribution_Appendix_model90.
pdf, id=4502, 740.04483pt x 711.13678pt>
File: images/Experimente/Compression_Schedul/ParameterDistribution_Appendix_mod
el90.pdf Graphic file (type pdf)
<use images/Experimente/Compression_Schedul/ParameterDistribution_Appendix_mode
l90.pdf>
Package pdftex.def Info: images/Experimente/Compression_Schedul/ParameterDistri
bution_Appendix_model90.pdf  used on input line 279.
(pdftex.def)             Requested size: 338.58632pt x 325.35817pt.


[100 <./images/Experimente/Iterative_vs_Direct/Examples_model_60.pdf>]
<images/Experimente/Compression_Schedul/ParameterDistribution_Appendix_model80.
pdf, id=4537, 740.04483pt x 711.13678pt>
File: images/Experimente/Compression_Schedul/ParameterDistribution_Appendix_mod
el80.pdf Graphic file (type pdf)
<use images/Experimente/Compression_Schedul/ParameterDistribution_Appendix_mode
l80.pdf>
Package pdftex.def Info: images/Experimente/Compression_Schedul/ParameterDistri
bution_Appendix_model80.pdf  used on input line 286.
(pdftex.def)             Requested size: 338.58632pt x 325.35817pt.


[101 <./images/Experimente/Compression_Schedul/ParameterDistribution_Appendix_m
odel90.pdf>]
<images/Experimente/Compression_Schedul/ParameterDistribution_Appendix_model70.
pdf, id=4582, 740.04483pt x 711.13678pt>
File: images/Experimente/Compression_Schedul/ParameterDistribution_Appendix_mod
el70.pdf Graphic file (type pdf)
<use images/Experimente/Compression_Schedul/ParameterDistribution_Appendix_mode
l70.pdf>
Package pdftex.def Info: images/Experimente/Compression_Schedul/ParameterDistri
bution_Appendix_model70.pdf  used on input line 294.
(pdftex.def)             Requested size: 338.58632pt x 325.35817pt.


[102 <./images/Experimente/Compression_Schedul/ParameterDistribution_Appendix_m
odel80.pdf>]
<images/Experimente/Compression_Schedul/ParameterDistribution_Appendix_model60.
pdf, id=4629, 740.04483pt x 711.13678pt>
File: images/Experimente/Compression_Schedul/ParameterDistribution_Appendix_mod
el60.pdf Graphic file (type pdf)
<use images/Experimente/Compression_Schedul/ParameterDistribution_Appendix_mode
l60.pdf>
Package pdftex.def Info: images/Experimente/Compression_Schedul/ParameterDistri
bution_Appendix_model60.pdf  used on input line 302.
(pdftex.def)             Requested size: 338.58632pt x 325.35817pt.


[103 <./images/Experimente/Compression_Schedul/ParameterDistribution_Appendix_m
odel70.pdf>]

Package hyperref Warning: Token not allowed in a PDF string (Unicode):
(hyperref)                removing `math shift' on input line 310.


Package hyperref Warning: Token not allowed in a PDF string (Unicode):
(hyperref)                removing `\Sigma' on input line 310.


Package hyperref Warning: Token not allowed in a PDF string (Unicode):
(hyperref)                removing `math shift' on input line 310.



[104 <./images/Experimente/Compression_Schedul/ParameterDistribution_Appendix_m
odel60.pdf>]
Appendix B.


[105

]
Overfull \vbox (12.36414pt too high) has occurred while \output is active []



[106]
<images/Experimente/Flux/Block_Analysis/BlockRemovalDouble.pdf, id=4733, 1138.2
525pt x 568.76491pt>
File: images/Experimente/Flux/Block_Analysis/BlockRemovalDouble.pdf Graphic fil
e (type pdf)
<use images/Experimente/Flux/Block_Analysis/BlockRemovalDouble.pdf>
Package pdftex.def Info: images/Experimente/Flux/Block_Analysis/BlockRemovalDou
ble.pdf  used on input line 509.
(pdftex.def)             Requested size: 483.69687pt x 241.7002pt.
<images/Experimente/Flux/Block_Analysis/BlockRemovalSingle.pdf, id=4734, 1138.2
525pt x 1138.2525pt>
File: images/Experimente/Flux/Block_Analysis/BlockRemovalSingle.pdf Graphic fil
e (type pdf)
<use images/Experimente/Flux/Block_Analysis/BlockRemovalSingle.pdf>
Package pdftex.def Info: images/Experimente/Flux/Block_Analysis/BlockRemovalSin
gle.pdf  used on input line 517.
(pdftex.def)             Requested size: 483.69687pt x 483.7075pt.


[107 <./images/Experimente/Flux/Block_Analysis/BlockRemovalDouble.pdf>]
<images/Experimente/Flux/Block_Analysis/BlockCompressionDouble.pdf, id=4768, 11
38.2525pt x 568.76491pt>
File: images/Experimente/Flux/Block_Analysis/BlockCompressionDouble.pdf Graphic
 file (type pdf)
<use images/Experimente/Flux/Block_Analysis/BlockCompressionDouble.pdf>
Package pdftex.def Info: images/Experimente/Flux/Block_Analysis/BlockCompressio
nDouble.pdf  used on input line 524.
(pdftex.def)             Requested size: 483.69687pt x 241.7002pt.


[108 <./images/Experimente/Flux/Block_Analysis/BlockRemovalSingle.pdf>]
<images/Experimente/Flux/Block_Analysis/BlockCompressionSingle.pdf, id=4822, 11
38.2525pt x 1138.2525pt>
File: images/Experimente/Flux/Block_Analysis/BlockCompressionSingle.pdf Graphic
 file (type pdf)
<use images/Experimente/Flux/Block_Analysis/BlockCompressionSingle.pdf>
Package pdftex.def Info: images/Experimente/Flux/Block_Analysis/BlockCompressio
nSingle.pdf  used on input line 531.
(pdftex.def)             Requested size: 483.69687pt x 483.7075pt.


[109 <./images/Experimente/Flux/Block_Analysis/BlockCompressionDouble.pdf>]

[110 <./images/Experimente/Flux/Block_Analysis/BlockCompressionSingle.pdf>]
<images/Experimente/Flux/TrainingFree_paper/TrainingFreeAppendix_model90.pdf, i
d=4914, 1052.97394pt x 568.76491pt>
File: images/Experimente/Flux/TrainingFree_paper/TrainingFreeAppendix_model90.p
df Graphic file (type pdf)
<use images/Experimente/Flux/TrainingFree_paper/TrainingFreeAppendix_model90.pd
f>
Package pdftex.def Info: images/Experimente/Flux/TrainingFree_paper/TrainingFre
eAppendix_model90.pdf  used on input line 572.
(pdftex.def)             Requested size: 483.69687pt x 261.26184pt.
<images/Experimente/Flux/TrainingFree_paper/TrainingFreeAppendix_model70.pdf, i
d=4917, 1052.97394pt x 568.76491pt>
File: images/Experimente/Flux/TrainingFree_paper/TrainingFreeAppendix_model70.p
df Graphic file (type pdf)
<use images/Experimente/Flux/TrainingFree_paper/TrainingFreeAppendix_model70.pd
f>
Package pdftex.def Info: images/Experimente/Flux/TrainingFree_paper/TrainingFre
eAppendix_model70.pdf  used on input line 579.
(pdftex.def)             Requested size: 483.69687pt x 261.26184pt.


[111 <./images/Experimente/Flux/TrainingFree_paper/TrainingFreeAppendix_model90
.pdf>]
<images/Experimente/Flux/BlockSelection/Random_vs_Importance_Block_Selection_Ap
pendix_model_68.pdf, id=4964, 1077.54572pt x 568.76491pt>
File: images/Experimente/Flux/BlockSelection/Random_vs_Importance_Block_Selecti
on_Appendix_model_68.pdf Graphic file (type pdf)
<use images/Experimente/Flux/BlockSelection/Random_vs_Importance_Block_Selectio
n_Appendix_model_68.pdf>
Package pdftex.def Info: images/Experimente/Flux/BlockSelection/Random_vs_Impor
tance_Block_Selection_Appendix_model_68.pdf  used on input line 612.
(pdftex.def)             Requested size: 483.69687pt x 255.3083pt.
<images/Experimente/Flux/BlockSelection/Random_vs_Importance_Block_Selection_Ap
pendix_model_57.pdf, id=4965, 1077.54572pt x 568.76491pt>
File: images/Experimente/Flux/BlockSelection/Random_vs_Importance_Block_Selecti
on_Appendix_model_57.pdf Graphic file (type pdf)
<use images/Experimente/Flux/BlockSelection/Random_vs_Importance_Block_Selectio
n_Appendix_model_57.pdf>
Package pdftex.def Info: images/Experimente/Flux/BlockSelection/Random_vs_Impor
tance_Block_Selection_Appendix_model_57.pdf  used on input line 618.
(pdftex.def)             Requested size: 483.69687pt x 255.3083pt.


[112 <./images/Experimente/Flux/TrainingFree_paper/TrainingFreeAppendix_model70
.pdf>]
<images/Experimente/Flux/BlockSelection/Random_vs_Importance_Block_Selection_Ap
pendix_model_43.pdf, id=5008, 1077.54572pt x 568.76491pt>
File: images/Experimente/Flux/BlockSelection/Random_vs_Importance_Block_Selecti
on_Appendix_model_43.pdf Graphic file (type pdf)
<use images/Experimente/Flux/BlockSelection/Random_vs_Importance_Block_Selectio
n_Appendix_model_43.pdf>
Package pdftex.def Info: images/Experimente/Flux/BlockSelection/Random_vs_Impor
tance_Block_Selection_Appendix_model_43.pdf  used on input line 624.
(pdftex.def)             Requested size: 483.69687pt x 255.3083pt.


[113 <./images/Experimente/Flux/BlockSelection/Random_vs_Importance_Block_Selec
tion_Appendix_model_68.pdf> <./images/Experimente/Flux/BlockSelection/Random_vs
_Importance_Block_Selection_Appendix_model_57.pdf>]

Package natbib Warning: Citation `pixart_sigma' on page 114 undefined on input 
line 836.



[114 <./images/Experimente/Flux/BlockSelection/Random_vs_Importance_Block_Selec
tion_Appendix_model_43.pdf>]

Package natbib Warning: Citation `GenEval' on page 115 undefined on input line 
1066.


Package natbib Warning: Citation `GenEval' on page 115 undefined on input line 
1066.



[115]
<images/Experimente/Flux/Training_Free/BlockImportanceFastFlux.png, id=5145, 80
5.0075pt x 368.37625pt>
File: images/Experimente/Flux/Training_Free/BlockImportanceFastFlux.png Graphic
 file (type png)
<use images/Experimente/Flux/Training_Free/BlockImportanceFastFlux.png>
Package pdftex.def Info: images/Experimente/Flux/Training_Free/BlockImportanceF
astFlux.png  used on input line 1241.
(pdftex.def)             Requested size: 435.32422pt x 199.20686pt.


LaTeX Warning: `h' float specifier changed to `ht'.


LaTeX Warning: `h' float specifier changed to `ht'.

)

[116]

[117 <./images/Experimente/Flux/Training_Free/BlockImportanceFastFlux.png>]
(./main.bbl

[118



]

[119]

[120]

[121]

[122]

[123]

[124]

[125]

[126]

[127]

[128]

[129]
Underfull \hbox (badness 1721) in paragraph at lines 1238--1241
[]\T1/cmr/m/n/10 Zhihua Zhang.  The sin-gu-lar value de-com-po-si-tion, ap-pli-
ca-tions and be-yond.  \T1/cmr/m/it/10 arXiv preprint
 []

)

Package natbib Warning: There were undefined citations.



[130] (./main.aux (./titel_page.aux) (./introduction.aux)
(./theory_generative_models.aux) (./theory_diffusion_models.aux)
(./theory_fundamental_NN.aux) (./Distillation.aux) (./theory_metrics.aux)
(./Related_Work.aux) (./Methods_Models.aux) (./Methods_Experiments.aux)
(./Experiments_Pixart.aux) (./Experiments_Flux.aux) (./conclusion.aux)
(./Appendix.aux))
 ***********
LaTeX2e <2024-11-01> patch level 2
L3 programming layer <2025-01-18>
 ***********


LaTeX Warning: There were multiply-defined labels.

Package rerunfilecheck Info: File `main.out' has not changed.
(rerunfilecheck)             Checksum: 0FF2BB3FE7BB89277C3E2A5314B4B99D;18588.
 ) 
Here is how much of TeX's memory you used:
 27715 strings out of 473190
 523225 string characters out of 5715800
 1002059 words of memory out of 5000000
 49677 multiletter control sequences out of 15000+600000
 597361 words of font info for 147 fonts, out of 8000000 for 9000
 1141 hyphenation exceptions out of 8191
 84i,18n,96p,2365b,1326s stack positions out of 10000i,1000n,20000p,200000b,200000s
</usr/local/texlive/2025/texmf-dist/fonts/type1/public/amsfonts/cm/cmbsy10.pf
b></usr/local/texlive/2025/texmf-dist/fonts/type1/public/amsfonts/cm/cmbx10.pfb
></usr/local/texlive/2025/texmf-dist/fonts/type1/public/amsfonts/cm/cmbx7.pfb><
/usr/local/texlive/2025/texmf-dist/fonts/type1/public/amsfonts/cm/cmex10.pfb></
usr/local/texlive/2025/texmf-dist/fonts/type1/public/amsfonts/cm/cmmi10.pfb></u
sr/local/texlive/2025/texmf-dist/fonts/type1/public/amsfonts/cm/cmmi5.pfb></usr
/local/texlive/2025/texmf-dist/fonts/type1/public/amsfonts/cm/cmmi7.pfb></usr/l
ocal/texlive/2025/texmf-dist/fonts/type1/public/amsfonts/cm/cmmib10.pfb></usr/l
ocal/texlive/2025/texmf-dist/fonts/type1/public/amsfonts/cmextra/cmmib7.pfb></u
sr/local/texlive/2025/texmf-dist/fonts/type1/public/amsfonts/cm/cmr10.pfb></usr
/local/texlive/2025/texmf-dist/fonts/type1/public/amsfonts/cm/cmr12.pfb></usr/l
ocal/texlive/2025/texmf-dist/fonts/type1/public/amsfonts/cm/cmr17.pfb></usr/loc
al/texlive/2025/texmf-dist/fonts/type1/public/amsfonts/cm/cmr5.pfb></usr/local/
texlive/2025/texmf-dist/fonts/type1/public/amsfonts/cm/cmr7.pfb></usr/local/tex
live/2025/texmf-dist/fonts/type1/public/amsfonts/cm/cmsy10.pfb></usr/local/texl
ive/2025/texmf-dist/fonts/type1/public/amsfonts/cm/cmsy7.pfb></usr/local/texliv
e/2025/texmf-dist/fonts/type1/public/amsfonts/symbols/msbm10.pfb></usr/local/te
xlive/2025/texmf-dist/fonts/type1/public/rsfs/rsfs10.pfb></usr/local/texlive/20
25/texmf-dist/fonts/type1/public/rsfs/rsfs7.pfb></usr/local/texlive/2025/texmf-
dist/fonts/type1/public/cm-super/sfbi1000.pfb></usr/local/texlive/2025/texmf-di
st/fonts/type1/public/cm-super/sfbx0700.pfb></usr/local/texlive/2025/texmf-dist
/fonts/type1/public/cm-super/sfbx1000.pfb></usr/local/texlive/2025/texmf-dist/f
onts/type1/public/cm-super/sfbx1200.pfb></usr/local/texlive/2025/texmf-dist/fon
ts/type1/public/cm-super/sfbx1440.pfb></usr/local/texlive/2025/texmf-dist/fonts
/type1/public/cm-super/sfbx2074.pfb></usr/local/texlive/2025/texmf-dist/fonts/t
ype1/public/cm-super/sfbx2488.pfb></usr/local/texlive/2025/texmf-dist/fonts/typ
e1/public/cm-super/sfrm0500.pfb></usr/local/texlive/2025/texmf-dist/fonts/type1
/public/cm-super/sfrm0600.pfb></usr/local/texlive/2025/texmf-dist/fonts/type1/p
ublic/cm-super/sfrm0700.pfb></usr/local/texlive/2025/texmf-dist/fonts/type1/pub
lic/cm-super/sfrm0800.pfb></usr/local/texlive/2025/texmf-dist/fonts/type1/publi
c/cm-super/sfrm0900.pfb></usr/local/texlive/2025/texmf-dist/fonts/type1/public/
cm-super/sfrm1000.pfb></usr/local/texlive/2025/texmf-dist/fonts/type1/public/cm
-super/sfti1000.pfb></usr/local/texlive/2025/texmf-dist/fonts/type1/public/cm-s
uper/sftt1000.pfb>
Output written on main.pdf (143 pages, 43986949 bytes).
PDF statistics:
 5560 PDF objects out of 6186 (max. 8388607)
 3641 compressed objects within 37 object streams
 802 named destinations out of 1000 (max. 500000)
 1270 words of extra memory for PDF output out of 10000 (max. 10000000)

